{"C:\\Users\\Yangu\\Documents\\GitHub\\FinalProject2025\\App.js": {"path":"C:\\Users\\Yangu\\Documents\\GitHub\\FinalProject2025\\App.js","statementMap":{"0":{"start":{"line":25,"column":14},"end":{"line":25,"column":42}},"1":{"start":{"line":28,"column":24},"end":{"line":28,"column":53}},"2":{"start":{"line":31,"column":26},"end":{"line":31,"column":47}},"3":{"start":{"line":32,"column":38},"end":{"line":32,"column":75}},"4":{"start":{"line":33,"column":48},"end":{"line":33,"column":73}},"5":{"start":{"line":35,"column":2},"end":{"line":51,"column":9}},"6":{"start":{"line":36,"column":4},"end":{"line":36,"column":38}},"7":{"start":{"line":36,"column":31},"end":{"line":36,"column":38}},"8":{"start":{"line":37,"column":4},"end":{"line":49,"column":19}},"9":{"start":{"line":38,"column":19},"end":{"line":38,"column":50}},"10":{"start":{"line":39,"column":19},"end":{"line":39,"column":36}},"11":{"start":{"line":41,"column":8},"end":{"line":43,"column":54}},"12":{"start":{"line":45,"column":6},"end":{"line":48,"column":7}},"13":{"start":{"line":46,"column":22},"end":{"line":46,"column":68}},"14":{"start":{"line":47,"column":8},"end":{"line":47,"column":57}},"15":{"start":{"line":47,"column":19},"end":{"line":47,"column":57}},"16":{"start":{"line":50,"column":4},"end":{"line":50,"column":24}},"17":{"start":{"line":53,"column":2},"end":{"line":56,"column":3}},"18":{"start":{"line":60,"column":4},"end":{"line":60,"column":94}},"19":{"start":{"line":62,"column":4},"end":{"line":83,"column":17}},"20":{"start":{"line":85,"column":2},"end":{"line":122,"column":4}},"21":{"start":{"line":93,"column":12},"end":{"line":95,"column":13}},"22":{"start":{"line":94,"column":14},"end":{"line":94,"column":106}},"23":{"start":{"line":94,"column":20},"end":{"line":94,"column":90}}},"fnMap":{"0":{"name":"App","decl":{"start":{"line":27,"column":24},"end":{"line":27,"column":27}},"loc":{"start":{"line":27,"column":30},"end":{"line":123,"column":1}},"line":27},"1":{"name":"(anonymous_1)","decl":{"start":{"line":35,"column":18},"end":{"line":35,"column":19}},"loc":{"start":{"line":35,"column":24},"end":{"line":51,"column":3}},"line":35},"2":{"name":"(anonymous_2)","decl":{"start":{"line":92,"column":25},"end":{"line":92,"column":26}},"loc":{"start":{"line":92,"column":36},"end":{"line":96,"column":11}},"line":92}},"branchMap":{"0":{"loc":{"start":{"line":36,"column":4},"end":{"line":36,"column":38}},"type":"if","locations":[{"start":{"line":36,"column":4},"end":{"line":36,"column":38}},{"start":{},"end":{}}],"line":36},"1":{"loc":{"start":{"line":38,"column":19},"end":{"line":38,"column":50}},"type":"binary-expr","locations":[{"start":{"line":38,"column":19},"end":{"line":38,"column":43}},{"start":{"line":38,"column":47},"end":{"line":38,"column":50}}],"line":38},"2":{"loc":{"start":{"line":39,"column":19},"end":{"line":39,"column":36}},"type":"binary-expr","locations":[{"start":{"line":39,"column":19},"end":{"line":39,"column":30}},{"start":{"line":39,"column":34},"end":{"line":39,"column":36}}],"line":39},"3":{"loc":{"start":{"line":41,"column":8},"end":{"line":43,"column":54}},"type":"binary-expr","locations":[{"start":{"line":41,"column":8},"end":{"line":41,"column":21}},{"start":{"line":42,"column":8},"end":{"line":42,"column":27}},{"start":{"line":43,"column":9},"end":{"line":43,"column":20}},{"start":{"line":43,"column":25},"end":{"line":43,"column":37}},{"start":{"line":43,"column":41},"end":{"line":43,"column":52}}],"line":41},"4":{"loc":{"start":{"line":45,"column":6},"end":{"line":48,"column":7}},"type":"if","locations":[{"start":{"line":45,"column":6},"end":{"line":48,"column":7}},{"start":{},"end":{}}],"line":45},"5":{"loc":{"start":{"line":47,"column":8},"end":{"line":47,"column":57}},"type":"if","locations":[{"start":{"line":47,"column":8},"end":{"line":47,"column":57}},{"start":{},"end":{}}],"line":47},"6":{"loc":{"start":{"line":53,"column":2},"end":{"line":56,"column":3}},"type":"if","locations":[{"start":{"line":53,"column":2},"end":{"line":56,"column":3}},{"start":{},"end":{}}],"line":53},"7":{"loc":{"start":{"line":60,"column":4},"end":{"line":60,"column":94}},"type":"binary-expr","locations":[{"start":{"line":60,"column":5},"end":{"line":60,"column":35}},{"start":{"line":60,"column":39},"end":{"line":60,"column":50}},{"start":{"line":60,"column":54},"end":{"line":60,"column":87}},{"start":{"line":60,"column":92},"end":{"line":60,"column":94}}],"line":60},"8":{"loc":{"start":{"line":62,"column":4},"end":{"line":83,"column":17}},"type":"cond-expr","locations":[{"start":{"line":63,"column":8},"end":{"line":82,"column":9}},{"start":{"line":83,"column":8},"end":{"line":83,"column":17}}],"line":62},"9":{"loc":{"start":{"line":62,"column":4},"end":{"line":62,"column":58}},"type":"binary-expr","locations":[{"start":{"line":62,"column":4},"end":{"line":62,"column":25}},{"start":{"line":62,"column":29},"end":{"line":62,"column":58}}],"line":62},"10":{"loc":{"start":{"line":88,"column":9},"end":{"line":118,"column":16}},"type":"cond-expr","locations":[{"start":{"line":89,"column":8},"end":{"line":117,"column":30}},{"start":{"line":118,"column":12},"end":{"line":118,"column":16}}],"line":88},"11":{"loc":{"start":{"line":93,"column":12},"end":{"line":95,"column":13}},"type":"if","locations":[{"start":{"line":93,"column":12},"end":{"line":95,"column":13}},{"start":{},"end":{}}],"line":93}},"s":{"0":0,"1":0,"2":0,"3":0,"4":0,"5":0,"6":0,"7":0,"8":0,"9":0,"10":0,"11":0,"12":0,"13":0,"14":0,"15":0,"16":0,"17":0,"18":0,"19":0,"20":0,"21":0,"22":0,"23":0},"f":{"0":0,"1":0,"2":0},"b":{"0":[0,0],"1":[0,0],"2":[0,0],"3":[0,0,0,0,0],"4":[0,0],"5":[0,0],"6":[0,0],"7":[0,0,0,0],"8":[0,0],"9":[0,0],"10":[0,0],"11":[0,0]}}
,"C:\\Users\\Yangu\\Documents\\GitHub\\FinalProject2025\\UI\\4options.js": {"path":"C:\\Users\\Yangu\\Documents\\GitHub\\FinalProject2025\\UI\\4options.js","statementMap":{"0":{"start":{"line":19,"column":14},"end":{"line":19,"column":29}},"1":{"start":{"line":20,"column":32},"end":{"line":20,"column":45}},"2":{"start":{"line":21,"column":15},"end":{"line":21,"column":42}},"3":{"start":{"line":22,"column":34},"end":{"line":22,"column":86}},"4":{"start":{"line":22,"column":55},"end":{"line":22,"column":85}},"5":{"start":{"line":24,"column":23},"end":{"line":33,"column":3}},"6":{"start":{"line":26,"column":6},"end":{"line":30,"column":9}},"7":{"start":{"line":27,"column":21},"end":{"line":27,"column":29}},"8":{"start":{"line":28,"column":8},"end":{"line":28,"column":31}},"9":{"start":{"line":29,"column":8},"end":{"line":29,"column":20}},"10":{"start":{"line":35,"column":26},"end":{"line":37,"column":19}},"11":{"start":{"line":36,"column":4},"end":{"line":36,"column":47}},"12":{"start":{"line":39,"column":22},"end":{"line":49,"column":20}},"13":{"start":{"line":40,"column":4},"end":{"line":43,"column":5}},"14":{"start":{"line":41,"column":6},"end":{"line":41,"column":16}},"15":{"start":{"line":42,"column":6},"end":{"line":42,"column":13}},"16":{"start":{"line":44,"column":4},"end":{"line":48,"column":19}},"17":{"start":{"line":45,"column":6},"end":{"line":47,"column":7}},"18":{"start":{"line":46,"column":8},"end":{"line":46,"column":29}},"19":{"start":{"line":51,"column":23},"end":{"line":55,"column":41}},"20":{"start":{"line":52,"column":19},"end":{"line":52,"column":53}},"21":{"start":{"line":52,"column":41},"end":{"line":52,"column":52}},"22":{"start":{"line":53,"column":4},"end":{"line":53,"column":18}},"23":{"start":{"line":54,"column":4},"end":{"line":54,"column":57}},"24":{"start":{"line":54,"column":40},"end":{"line":54,"column":57}},"25":{"start":{"line":57,"column":2},"end":{"line":107,"column":4}},"26":{"start":{"line":83,"column":25},"end":{"line":83,"column":47}},"27":{"start":{"line":84,"column":12},"end":{"line":97,"column":14}},"28":{"start":{"line":88,"column":31},"end":{"line":88,"column":48}},"29":{"start":{"line":89,"column":40},"end":{"line":93,"column":17}},"30":{"start":{"line":110,"column":15},"end":{"line":182,"column":2}}},"fnMap":{"0":{"name":"FourOptions","decl":{"start":{"line":18,"column":24},"end":{"line":18,"column":35}},"loc":{"start":{"line":18,"column":90},"end":{"line":108,"column":1}},"line":18},"1":{"name":"(anonymous_1)","decl":{"start":{"line":22,"column":49},"end":{"line":22,"column":50}},"loc":{"start":{"line":22,"column":55},"end":{"line":22,"column":85}},"line":22},"2":{"name":"(anonymous_2)","decl":{"start":{"line":25,"column":4},"end":{"line":25,"column":5}},"loc":{"start":{"line":25,"column":13},"end":{"line":31,"column":5}},"line":25},"3":{"name":"(anonymous_3)","decl":{"start":{"line":26,"column":18},"end":{"line":26,"column":19}},"loc":{"start":{"line":26,"column":27},"end":{"line":30,"column":7}},"line":26},"4":{"name":"(anonymous_4)","decl":{"start":{"line":35,"column":44},"end":{"line":35,"column":45}},"loc":{"start":{"line":35,"column":50},"end":{"line":37,"column":3}},"line":35},"5":{"name":"(anonymous_5)","decl":{"start":{"line":39,"column":40},"end":{"line":39,"column":41}},"loc":{"start":{"line":39,"column":46},"end":{"line":49,"column":3}},"line":39},"6":{"name":"(anonymous_6)","decl":{"start":{"line":51,"column":41},"end":{"line":51,"column":42}},"loc":{"start":{"line":51,"column":47},"end":{"line":55,"column":3}},"line":51},"7":{"name":"(anonymous_7)","decl":{"start":{"line":52,"column":31},"end":{"line":52,"column":32}},"loc":{"start":{"line":52,"column":41},"end":{"line":52,"column":52}},"line":52},"8":{"name":"(anonymous_8)","decl":{"start":{"line":82,"column":20},"end":{"line":82,"column":21}},"loc":{"start":{"line":82,"column":36},"end":{"line":98,"column":11}},"line":82},"9":{"name":"(anonymous_9)","decl":{"start":{"line":88,"column":25},"end":{"line":88,"column":26}},"loc":{"start":{"line":88,"column":31},"end":{"line":88,"column":48}},"line":88},"10":{"name":"(anonymous_10)","decl":{"start":{"line":89,"column":23},"end":{"line":89,"column":24}},"loc":{"start":{"line":89,"column":40},"end":{"line":93,"column":17}},"line":89}},"branchMap":{"0":{"loc":{"start":{"line":18,"column":55},"end":{"line":18,"column":67}},"type":"default-arg","locations":[{"start":{"line":18,"column":65},"end":{"line":18,"column":67}}],"line":18},"1":{"loc":{"start":{"line":21,"column":16},"end":{"line":21,"column":29}},"type":"binary-expr","locations":[{"start":{"line":21,"column":16},"end":{"line":21,"column":23}},{"start":{"line":21,"column":27},"end":{"line":21,"column":29}}],"line":21},"2":{"loc":{"start":{"line":40,"column":4},"end":{"line":43,"column":5}},"type":"if","locations":[{"start":{"line":40,"column":4},"end":{"line":43,"column":5}},{"start":{},"end":{}}],"line":40},"3":{"loc":{"start":{"line":45,"column":6},"end":{"line":47,"column":7}},"type":"if","locations":[{"start":{"line":45,"column":6},"end":{"line":47,"column":7}},{"start":{},"end":{}}],"line":45},"4":{"loc":{"start":{"line":45,"column":10},"end":{"line":45,"column":51}},"type":"binary-expr","locations":[{"start":{"line":45,"column":10},"end":{"line":45,"column":13}},{"start":{"line":45,"column":17},"end":{"line":45,"column":51}}],"line":45},"5":{"loc":{"start":{"line":54,"column":4},"end":{"line":54,"column":57}},"type":"if","locations":[{"start":{"line":54,"column":4},"end":{"line":54,"column":57}},{"start":{},"end":{}}],"line":54},"6":{"loc":{"start":{"line":72,"column":9},"end":{"line":72,"column":65}},"type":"cond-expr","locations":[{"start":{"line":72,"column":17},"end":{"line":72,"column":58}},{"start":{"line":72,"column":61},"end":{"line":72,"column":65}}],"line":72},"7":{"loc":{"start":{"line":73,"column":9},"end":{"line":73,"column":74}},"type":"cond-expr","locations":[{"start":{"line":73,"column":20},"end":{"line":73,"column":67}},{"start":{"line":73,"column":70},"end":{"line":73,"column":74}}],"line":73},"8":{"loc":{"start":{"line":86,"column":21},"end":{"line":86,"column":33}},"type":"binary-expr","locations":[{"start":{"line":86,"column":21},"end":{"line":86,"column":26}},{"start":{"line":86,"column":30},"end":{"line":86,"column":33}}],"line":86},"9":{"loc":{"start":{"line":91,"column":18},"end":{"line":91,"column":62}},"type":"cond-expr","locations":[{"start":{"line":91,"column":25},"end":{"line":91,"column":44}},{"start":{"line":91,"column":47},"end":{"line":91,"column":62}}],"line":91},"10":{"loc":{"start":{"line":92,"column":18},"end":{"line":92,"column":65}},"type":"cond-expr","locations":[{"start":{"line":92,"column":28},"end":{"line":92,"column":45}},{"start":{"line":92,"column":48},"end":{"line":92,"column":65}}],"line":92},"11":{"loc":{"start":{"line":95,"column":47},"end":{"line":95,"column":78}},"type":"binary-expr","locations":[{"start":{"line":95,"column":47},"end":{"line":95,"column":51}},{"start":{"line":95,"column":55},"end":{"line":95,"column":78}}],"line":95},"12":{"loc":{"start":{"line":116,"column":16},"end":{"line":116,"column":45}},"type":"cond-expr","locations":[{"start":{"line":116,"column":40},"end":{"line":116,"column":41}},{"start":{"line":116,"column":44},"end":{"line":116,"column":45}}],"line":116}},"s":{"0":0,"1":0,"2":0,"3":0,"4":0,"5":0,"6":0,"7":0,"8":0,"9":0,"10":0,"11":0,"12":0,"13":0,"14":0,"15":0,"16":0,"17":0,"18":0,"19":0,"20":0,"21":0,"22":0,"23":0,"24":0,"25":0,"26":0,"27":0,"28":0,"29":0,"30":0},"f":{"0":0,"1":0,"2":0,"3":0,"4":0,"5":0,"6":0,"7":0,"8":0,"9":0,"10":0},"b":{"0":[0],"1":[0,0],"2":[0,0],"3":[0,0],"4":[0,0],"5":[0,0],"6":[0,0],"7":[0,0],"8":[0,0],"9":[0,0],"10":[0,0],"11":[0,0],"12":[0,0]}}
,"C:\\Users\\Yangu\\Documents\\GitHub\\FinalProject2025\\UI\\6option.js": {"path":"C:\\Users\\Yangu\\Documents\\GitHub\\FinalProject2025\\UI\\6option.js","statementMap":{"0":{"start":{"line":19,"column":14},"end":{"line":19,"column":29}},"1":{"start":{"line":20,"column":32},"end":{"line":20,"column":45}},"2":{"start":{"line":21,"column":14},"end":{"line":21,"column":41}},"3":{"start":{"line":22,"column":34},"end":{"line":22,"column":85}},"4":{"start":{"line":22,"column":55},"end":{"line":22,"column":84}},"5":{"start":{"line":24,"column":23},"end":{"line":33,"column":3}},"6":{"start":{"line":26,"column":6},"end":{"line":30,"column":9}},"7":{"start":{"line":27,"column":21},"end":{"line":27,"column":29}},"8":{"start":{"line":28,"column":8},"end":{"line":28,"column":31}},"9":{"start":{"line":29,"column":8},"end":{"line":29,"column":20}},"10":{"start":{"line":35,"column":26},"end":{"line":37,"column":18}},"11":{"start":{"line":36,"column":4},"end":{"line":36,"column":46}},"12":{"start":{"line":39,"column":22},"end":{"line":49,"column":20}},"13":{"start":{"line":40,"column":4},"end":{"line":43,"column":5}},"14":{"start":{"line":41,"column":6},"end":{"line":41,"column":16}},"15":{"start":{"line":42,"column":6},"end":{"line":42,"column":13}},"16":{"start":{"line":44,"column":4},"end":{"line":48,"column":19}},"17":{"start":{"line":45,"column":6},"end":{"line":47,"column":7}},"18":{"start":{"line":46,"column":8},"end":{"line":46,"column":29}},"19":{"start":{"line":51,"column":23},"end":{"line":56,"column":40}},"20":{"start":{"line":52,"column":19},"end":{"line":52,"column":52}},"21":{"start":{"line":52,"column":40},"end":{"line":52,"column":51}},"22":{"start":{"line":54,"column":4},"end":{"line":54,"column":18}},"23":{"start":{"line":55,"column":4},"end":{"line":55,"column":57}},"24":{"start":{"line":55,"column":40},"end":{"line":55,"column":57}},"25":{"start":{"line":58,"column":2},"end":{"line":106,"column":4}},"26":{"start":{"line":83,"column":23},"end":{"line":83,"column":45}},"27":{"start":{"line":84,"column":10},"end":{"line":97,"column":12}},"28":{"start":{"line":88,"column":29},"end":{"line":88,"column":46}},"29":{"start":{"line":89,"column":38},"end":{"line":93,"column":15}},"30":{"start":{"line":109,"column":15},"end":{"line":175,"column":2}}},"fnMap":{"0":{"name":"SixOption","decl":{"start":{"line":18,"column":24},"end":{"line":18,"column":33}},"loc":{"start":{"line":18,"column":88},"end":{"line":107,"column":1}},"line":18},"1":{"name":"(anonymous_1)","decl":{"start":{"line":22,"column":49},"end":{"line":22,"column":50}},"loc":{"start":{"line":22,"column":55},"end":{"line":22,"column":84}},"line":22},"2":{"name":"(anonymous_2)","decl":{"start":{"line":25,"column":4},"end":{"line":25,"column":5}},"loc":{"start":{"line":25,"column":13},"end":{"line":31,"column":5}},"line":25},"3":{"name":"(anonymous_3)","decl":{"start":{"line":26,"column":18},"end":{"line":26,"column":19}},"loc":{"start":{"line":26,"column":27},"end":{"line":30,"column":7}},"line":26},"4":{"name":"(anonymous_4)","decl":{"start":{"line":35,"column":44},"end":{"line":35,"column":45}},"loc":{"start":{"line":35,"column":50},"end":{"line":37,"column":3}},"line":35},"5":{"name":"(anonymous_5)","decl":{"start":{"line":39,"column":40},"end":{"line":39,"column":41}},"loc":{"start":{"line":39,"column":46},"end":{"line":49,"column":3}},"line":39},"6":{"name":"(anonymous_6)","decl":{"start":{"line":51,"column":41},"end":{"line":51,"column":42}},"loc":{"start":{"line":51,"column":47},"end":{"line":56,"column":3}},"line":51},"7":{"name":"(anonymous_7)","decl":{"start":{"line":52,"column":30},"end":{"line":52,"column":31}},"loc":{"start":{"line":52,"column":40},"end":{"line":52,"column":51}},"line":52},"8":{"name":"(anonymous_8)","decl":{"start":{"line":82,"column":17},"end":{"line":82,"column":18}},"loc":{"start":{"line":82,"column":33},"end":{"line":98,"column":9}},"line":82},"9":{"name":"(anonymous_9)","decl":{"start":{"line":88,"column":23},"end":{"line":88,"column":24}},"loc":{"start":{"line":88,"column":29},"end":{"line":88,"column":46}},"line":88},"10":{"name":"(anonymous_10)","decl":{"start":{"line":89,"column":21},"end":{"line":89,"column":22}},"loc":{"start":{"line":89,"column":38},"end":{"line":93,"column":15}},"line":89}},"branchMap":{"0":{"loc":{"start":{"line":18,"column":53},"end":{"line":18,"column":65}},"type":"default-arg","locations":[{"start":{"line":18,"column":63},"end":{"line":18,"column":65}}],"line":18},"1":{"loc":{"start":{"line":21,"column":15},"end":{"line":21,"column":28}},"type":"binary-expr","locations":[{"start":{"line":21,"column":15},"end":{"line":21,"column":22}},{"start":{"line":21,"column":26},"end":{"line":21,"column":28}}],"line":21},"2":{"loc":{"start":{"line":40,"column":4},"end":{"line":43,"column":5}},"type":"if","locations":[{"start":{"line":40,"column":4},"end":{"line":43,"column":5}},{"start":{},"end":{}}],"line":40},"3":{"loc":{"start":{"line":45,"column":6},"end":{"line":47,"column":7}},"type":"if","locations":[{"start":{"line":45,"column":6},"end":{"line":47,"column":7}},{"start":{},"end":{}}],"line":45},"4":{"loc":{"start":{"line":45,"column":10},"end":{"line":45,"column":51}},"type":"binary-expr","locations":[{"start":{"line":45,"column":10},"end":{"line":45,"column":13}},{"start":{"line":45,"column":17},"end":{"line":45,"column":51}}],"line":45},"5":{"loc":{"start":{"line":55,"column":4},"end":{"line":55,"column":57}},"type":"if","locations":[{"start":{"line":55,"column":4},"end":{"line":55,"column":57}},{"start":{},"end":{}}],"line":55},"6":{"loc":{"start":{"line":73,"column":9},"end":{"line":73,"column":65}},"type":"cond-expr","locations":[{"start":{"line":73,"column":17},"end":{"line":73,"column":58}},{"start":{"line":73,"column":61},"end":{"line":73,"column":65}}],"line":73},"7":{"loc":{"start":{"line":74,"column":9},"end":{"line":74,"column":74}},"type":"cond-expr","locations":[{"start":{"line":74,"column":20},"end":{"line":74,"column":67}},{"start":{"line":74,"column":70},"end":{"line":74,"column":74}}],"line":74},"8":{"loc":{"start":{"line":86,"column":19},"end":{"line":86,"column":31}},"type":"binary-expr","locations":[{"start":{"line":86,"column":19},"end":{"line":86,"column":24}},{"start":{"line":86,"column":28},"end":{"line":86,"column":31}}],"line":86},"9":{"loc":{"start":{"line":91,"column":16},"end":{"line":91,"column":60}},"type":"cond-expr","locations":[{"start":{"line":91,"column":23},"end":{"line":91,"column":42}},{"start":{"line":91,"column":45},"end":{"line":91,"column":60}}],"line":91},"10":{"loc":{"start":{"line":92,"column":16},"end":{"line":92,"column":63}},"type":"cond-expr","locations":[{"start":{"line":92,"column":26},"end":{"line":92,"column":43}},{"start":{"line":92,"column":46},"end":{"line":92,"column":63}}],"line":92},"11":{"loc":{"start":{"line":95,"column":45},"end":{"line":95,"column":76}},"type":"binary-expr","locations":[{"start":{"line":95,"column":45},"end":{"line":95,"column":49}},{"start":{"line":95,"column":53},"end":{"line":95,"column":76}}],"line":95},"12":{"loc":{"start":{"line":115,"column":16},"end":{"line":115,"column":45}},"type":"cond-expr","locations":[{"start":{"line":115,"column":40},"end":{"line":115,"column":41}},{"start":{"line":115,"column":44},"end":{"line":115,"column":45}}],"line":115}},"s":{"0":0,"1":0,"2":0,"3":0,"4":0,"5":0,"6":0,"7":0,"8":0,"9":0,"10":0,"11":0,"12":0,"13":0,"14":0,"15":0,"16":0,"17":0,"18":0,"19":0,"20":0,"21":0,"22":0,"23":0,"24":0,"25":0,"26":0,"27":0,"28":0,"29":0,"30":0},"f":{"0":0,"1":0,"2":0,"3":0,"4":0,"5":0,"6":0,"7":0,"8":0,"9":0,"10":0},"b":{"0":[0],"1":[0,0],"2":[0,0],"3":[0,0],"4":[0,0],"5":[0,0],"6":[0,0],"7":[0,0],"8":[0,0],"9":[0,0],"10":[0,0],"11":[0,0],"12":[0,0]}}
,"C:\\Users\\Yangu\\Documents\\GitHub\\FinalProject2025\\UI\\arrow-back.js": {"path":"C:\\Users\\Yangu\\Documents\\GitHub\\FinalProject2025\\UI\\arrow-back.js","statementMap":{"0":{"start":{"line":13,"column":2},"end":{"line":17,"column":4}},"1":{"start":{"line":20,"column":15},"end":{"line":22,"column":2}}},"fnMap":{"0":{"name":"ArrowBack","decl":{"start":{"line":12,"column":24},"end":{"line":12,"column":33}},"loc":{"start":{"line":12,"column":77},"end":{"line":18,"column":1}},"line":12}},"branchMap":{"0":{"loc":{"start":{"line":12,"column":45},"end":{"line":12,"column":62}},"type":"default-arg","locations":[{"start":{"line":12,"column":53},"end":{"line":12,"column":62}}],"line":12},"1":{"loc":{"start":{"line":12,"column":64},"end":{"line":12,"column":73}},"type":"default-arg","locations":[{"start":{"line":12,"column":71},"end":{"line":12,"column":73}}],"line":12}},"s":{"0":8,"1":6},"f":{"0":8},"b":{"0":[8],"1":[8]},"_coverageSchema":"1a1c01bbd47fc00a2c39e90264f33305004495a9","hash":"a0df56dfd8d7083a751f480ba478a597d2fe708e"}
,"C:\\Users\\Yangu\\Documents\\GitHub\\FinalProject2025\\UI\\button-long.js": {"path":"C:\\Users\\Yangu\\Documents\\GitHub\\FinalProject2025\\UI\\button-long.js","statementMap":{"0":{"start":{"line":13,"column":2},"end":{"line":25,"column":4}},"1":{"start":{"line":17,"column":30},"end":{"line":21,"column":7}},"2":{"start":{"line":28,"column":15},"end":{"line":53,"column":2}}},"fnMap":{"0":{"name":"ButtonLong","decl":{"start":{"line":12,"column":24},"end":{"line":12,"column":34}},"loc":{"start":{"line":12,"column":73},"end":{"line":26,"column":1}},"line":12},"1":{"name":"(anonymous_1)","decl":{"start":{"line":17,"column":13},"end":{"line":17,"column":14}},"loc":{"start":{"line":17,"column":30},"end":{"line":21,"column":7}},"line":17}},"branchMap":{"0":{"loc":{"start":{"line":19,"column":8},"end":{"line":19,"column":59}},"type":"cond-expr","locations":[{"start":{"line":19,"column":18},"end":{"line":19,"column":37}},{"start":{"line":19,"column":40},"end":{"line":19,"column":59}}],"line":19}},"s":{"0":7,"1":7,"2":3},"f":{"0":7,"1":7},"b":{"0":[0,7]},"_coverageSchema":"1a1c01bbd47fc00a2c39e90264f33305004495a9","hash":"5e4934602c32d20cc62e3d588b30d9e83562d1c6"}
,"C:\\Users\\Yangu\\Documents\\GitHub\\FinalProject2025\\UI\\button-short.js": {"path":"C:\\Users\\Yangu\\Documents\\GitHub\\FinalProject2025\\UI\\button-short.js","statementMap":{"0":{"start":{"line":13,"column":2},"end":{"line":25,"column":4}},"1":{"start":{"line":17,"column":30},"end":{"line":21,"column":7}},"2":{"start":{"line":28,"column":15},"end":{"line":53,"column":2}}},"fnMap":{"0":{"name":"ButtonShort","decl":{"start":{"line":12,"column":24},"end":{"line":12,"column":35}},"loc":{"start":{"line":12,"column":74},"end":{"line":26,"column":1}},"line":12},"1":{"name":"(anonymous_1)","decl":{"start":{"line":17,"column":13},"end":{"line":17,"column":14}},"loc":{"start":{"line":17,"column":30},"end":{"line":21,"column":7}},"line":17}},"branchMap":{"0":{"loc":{"start":{"line":19,"column":8},"end":{"line":19,"column":65}},"type":"cond-expr","locations":[{"start":{"line":19,"column":18},"end":{"line":19,"column":40}},{"start":{"line":19,"column":43},"end":{"line":19,"column":65}}],"line":19}},"s":{"0":15,"1":15,"2":7},"f":{"0":15,"1":15},"b":{"0":[0,15]},"_coverageSchema":"1a1c01bbd47fc00a2c39e90264f33305004495a9","hash":"5ffd14f964c5e19c617ed3e60e1cd9b03ae5ef12"}
,"C:\\Users\\Yangu\\Documents\\GitHub\\FinalProject2025\\UI\\connection-banner.js": {"path":"C:\\Users\\Yangu\\Documents\\GitHub\\FinalProject2025\\UI\\connection-banner.js","statementMap":{"0":{"start":{"line":6,"column":26},"end":{"line":6,"column":38}},"1":{"start":{"line":7,"column":2},"end":{"line":7,"column":31}},"2":{"start":{"line":7,"column":19},"end":{"line":7,"column":31}},"3":{"start":{"line":8,"column":2},"end":{"line":12,"column":4}},"4":{"start":{"line":15,"column":15},"end":{"line":31,"column":2}}},"fnMap":{"0":{"name":"ConnectionBanner","decl":{"start":{"line":5,"column":24},"end":{"line":5,"column":40}},"loc":{"start":{"line":5,"column":43},"end":{"line":13,"column":1}},"line":5}},"branchMap":{"0":{"loc":{"start":{"line":7,"column":2},"end":{"line":7,"column":31}},"type":"if","locations":[{"start":{"line":7,"column":2},"end":{"line":7,"column":31}},{"start":{},"end":{}}],"line":7}},"s":{"0":1,"1":1,"2":0,"3":1,"4":1},"f":{"0":1},"b":{"0":[0,1]},"_coverageSchema":"1a1c01bbd47fc00a2c39e90264f33305004495a9","hash":"35fb09a7c822d39d2e7c5e860c771b9f81d2f42a"}
,"C:\\Users\\Yangu\\Documents\\GitHub\\FinalProject2025\\UI\\progress-bar.js": {"path":"C:\\Users\\Yangu\\Documents\\GitHub\\FinalProject2025\\UI\\progress-bar.js","statementMap":{"0":{"start":{"line":12,"column":18},"end":{"line":12,"column":52}},"1":{"start":{"line":13,"column":2},"end":{"line":23,"column":4}},"2":{"start":{"line":26,"column":15},"end":{"line":48,"column":2}}},"fnMap":{"0":{"name":"ProgressBar","decl":{"start":{"line":11,"column":24},"end":{"line":11,"column":35}},"loc":{"start":{"line":11,"column":67},"end":{"line":24,"column":1}},"line":11}},"branchMap":{"0":{"loc":{"start":{"line":11,"column":38},"end":{"line":11,"column":50}},"type":"default-arg","locations":[{"start":{"line":11,"column":49},"end":{"line":11,"column":50}}],"line":11},"1":{"loc":{"start":{"line":11,"column":52},"end":{"line":11,"column":63}},"type":"default-arg","locations":[{"start":{"line":11,"column":61},"end":{"line":11,"column":63}}],"line":11}},"s":{"0":3,"1":3,"2":2},"f":{"0":3},"b":{"0":[0],"1":[0]},"_coverageSchema":"1a1c01bbd47fc00a2c39e90264f33305004495a9","hash":"21da7f2540e57b40a67b187300cd5e17b58333fe"}
,"C:\\Users\\Yangu\\Documents\\GitHub\\FinalProject2025\\UI\\select-long.js": {"path":"C:\\Users\\Yangu\\Documents\\GitHub\\FinalProject2025\\UI\\select-long.js","statementMap":{"0":{"start":{"line":12,"column":2},"end":{"line":25,"column":4}},"1":{"start":{"line":16,"column":30},"end":{"line":21,"column":7}},"2":{"start":{"line":28,"column":15},"end":{"line":75,"column":2}}},"fnMap":{"0":{"name":"SelectLong","decl":{"start":{"line":11,"column":24},"end":{"line":11,"column":34}},"loc":{"start":{"line":11,"column":73},"end":{"line":26,"column":1}},"line":11},"1":{"name":"(anonymous_1)","decl":{"start":{"line":16,"column":13},"end":{"line":16,"column":14}},"loc":{"start":{"line":16,"column":30},"end":{"line":21,"column":7}},"line":16}},"branchMap":{"0":{"loc":{"start":{"line":11,"column":44},"end":{"line":11,"column":60}},"type":"default-arg","locations":[{"start":{"line":11,"column":55},"end":{"line":11,"column":60}}],"line":11},"1":{"loc":{"start":{"line":18,"column":8},"end":{"line":18,"column":54}},"type":"cond-expr","locations":[{"start":{"line":18,"column":19},"end":{"line":18,"column":34}},{"start":{"line":18,"column":37},"end":{"line":18,"column":54}}],"line":18},"2":{"loc":{"start":{"line":19,"column":8},"end":{"line":19,"column":47}},"type":"cond-expr","locations":[{"start":{"line":19,"column":18},"end":{"line":19,"column":31}},{"start":{"line":19,"column":34},"end":{"line":19,"column":47}}],"line":19},"3":{"loc":{"start":{"line":20,"column":8},"end":{"line":20,"column":63}},"type":"cond-expr","locations":[{"start":{"line":20,"column":19},"end":{"line":20,"column":40}},{"start":{"line":20,"column":43},"end":{"line":20,"column":63}}],"line":20},"4":{"loc":{"start":{"line":23,"column":34},"end":{"line":23,"column":66}},"type":"binary-expr","locations":[{"start":{"line":23,"column":34},"end":{"line":23,"column":42}},{"start":{"line":23,"column":46},"end":{"line":23,"column":66}}],"line":23}},"s":{"0":15,"1":15,"2":2},"f":{"0":15,"1":15},"b":{"0":[0],"1":[2,13],"2":[0,15],"3":[2,13],"4":[15,2]},"_coverageSchema":"1a1c01bbd47fc00a2c39e90264f33305004495a9","hash":"3bbf9a22c38928127433fe3c6161ece522386eac"}
,"C:\\Users\\Yangu\\Documents\\GitHub\\FinalProject2025\\UI\\signal-indicator.js": {"path":"C:\\Users\\Yangu\\Documents\\GitHub\\FinalProject2025\\UI\\signal-indicator.js","statementMap":{"0":{"start":{"line":12,"column":14},"end":{"line":12,"column":26}},"1":{"start":{"line":13,"column":24},"end":{"line":13,"column":49}},"2":{"start":{"line":14,"column":20},"end":{"line":14,"column":41}},"3":{"start":{"line":15,"column":2},"end":{"line":20,"column":4}},"4":{"start":{"line":23,"column":15},"end":{"line":41,"column":2}}},"fnMap":{"0":{"name":"SignalIndicator","decl":{"start":{"line":11,"column":24},"end":{"line":11,"column":39}},"loc":{"start":{"line":11,"column":78},"end":{"line":21,"column":1}},"line":11}},"branchMap":{"0":{"loc":{"start":{"line":11,"column":42},"end":{"line":11,"column":61}},"type":"default-arg","locations":[{"start":{"line":11,"column":53},"end":{"line":11,"column":61}}],"line":11},"1":{"loc":{"start":{"line":11,"column":63},"end":{"line":11,"column":74}},"type":"default-arg","locations":[{"start":{"line":11,"column":72},"end":{"line":11,"column":74}}],"line":11},"2":{"loc":{"start":{"line":13,"column":24},"end":{"line":13,"column":49}},"type":"binary-expr","locations":[{"start":{"line":13,"column":24},"end":{"line":13,"column":37}},{"start":{"line":13,"column":41},"end":{"line":13,"column":49}}],"line":13},"3":{"loc":{"start":{"line":14,"column":20},"end":{"line":14,"column":41}},"type":"binary-expr","locations":[{"start":{"line":14,"column":20},"end":{"line":14,"column":31}},{"start":{"line":14,"column":35},"end":{"line":14,"column":41}}],"line":14},"4":{"loc":{"start":{"line":18,"column":43},"end":{"line":18,"column":87}},"type":"cond-expr","locations":[{"start":{"line":18,"column":63},"end":{"line":18,"column":79}},{"start":{"line":18,"column":82},"end":{"line":18,"column":87}}],"line":18}},"s":{"0":2,"1":2,"2":2,"3":2,"4":2},"f":{"0":2},"b":{"0":[1],"1":[1],"2":[2,0],"3":[2,1],"4":[2,0]},"_coverageSchema":"1a1c01bbd47fc00a2c39e90264f33305004495a9","hash":"0daaa96487147935466fa4646e36df6c8e519d1d"}
,"C:\\Users\\Yangu\\Documents\\GitHub\\FinalProject2025\\UI\\status-card.js": {"path":"C:\\Users\\Yangu\\Documents\\GitHub\\FinalProject2025\\UI\\status-card.js","statementMap":{"0":{"start":{"line":14,"column":18},"end":{"line":14,"column":37}},"1":{"start":{"line":15,"column":2},"end":{"line":25,"column":4}},"2":{"start":{"line":28,"column":15},"end":{"line":70,"column":2}}},"fnMap":{"0":{"name":"StatusCard","decl":{"start":{"line":13,"column":24},"end":{"line":13,"column":34}},"loc":{"start":{"line":13,"column":104},"end":{"line":26,"column":1}},"line":13}},"branchMap":{"0":{"loc":{"start":{"line":13,"column":54},"end":{"line":13,"column":73}},"type":"default-arg","locations":[{"start":{"line":13,"column":64},"end":{"line":13,"column":73}}],"line":13},"1":{"loc":{"start":{"line":13,"column":75},"end":{"line":13,"column":90}},"type":"default-arg","locations":[{"start":{"line":13,"column":85},"end":{"line":13,"column":90}}],"line":13},"2":{"loc":{"start":{"line":18,"column":6},"end":{"line":18,"column":42}},"type":"cond-expr","locations":[{"start":{"line":18,"column":16},"end":{"line":18,"column":30}},{"start":{"line":18,"column":33},"end":{"line":18,"column":42}}],"line":18},"3":{"loc":{"start":{"line":19,"column":6},"end":{"line":19,"column":45}},"type":"cond-expr","locations":[{"start":{"line":19,"column":16},"end":{"line":19,"column":28}},{"start":{"line":19,"column":31},"end":{"line":19,"column":45}}],"line":19},"4":{"loc":{"start":{"line":21,"column":7},"end":{"line":21,"column":95}},"type":"cond-expr","locations":[{"start":{"line":21,"column":15},"end":{"line":21,"column":88}},{"start":{"line":21,"column":91},"end":{"line":21,"column":95}}],"line":21},"5":{"loc":{"start":{"line":21,"column":43},"end":{"line":21,"column":71}},"type":"binary-expr","locations":[{"start":{"line":21,"column":43},"end":{"line":21,"column":50}},{"start":{"line":21,"column":54},"end":{"line":21,"column":71}}],"line":21},"6":{"loc":{"start":{"line":22,"column":7},"end":{"line":22,"column":107}},"type":"cond-expr","locations":[{"start":{"line":22,"column":18},"end":{"line":22,"column":100}},{"start":{"line":22,"column":103},"end":{"line":22,"column":107}}],"line":22},"7":{"loc":{"start":{"line":22,"column":49},"end":{"line":22,"column":80}},"type":"binary-expr","locations":[{"start":{"line":22,"column":49},"end":{"line":22,"column":56}},{"start":{"line":22,"column":60},"end":{"line":22,"column":80}}],"line":22},"8":{"loc":{"start":{"line":23,"column":7},"end":{"line":23,"column":71}},"type":"cond-expr","locations":[{"start":{"line":23,"column":18},"end":{"line":23,"column":64}},{"start":{"line":23,"column":67},"end":{"line":23,"column":71}}],"line":23}},"s":{"0":6,"1":6,"2":3},"f":{"0":6},"b":{"0":[6],"1":[5],"2":[1,5],"3":[0,6],"4":[6,0],"5":[6,0],"6":[3,3],"7":[3,0],"8":[4,2]},"_coverageSchema":"1a1c01bbd47fc00a2c39e90264f33305004495a9","hash":"40f45ecff480dcdfd6af75604248f5433540a185"}
,"C:\\Users\\Yangu\\Documents\\GitHub\\FinalProject2025\\context\\NetworkContext.js": {"path":"C:\\Users\\Yangu\\Documents\\GitHub\\FinalProject2025\\context\\NetworkContext.js","statementMap":{"0":{"start":{"line":5,"column":17},"end":{"line":5,"column":55}},"1":{"start":{"line":6,"column":24},"end":{"line":6,"column":28}},"2":{"start":{"line":7,"column":25},"end":{"line":7,"column":30}},"3":{"start":{"line":10,"column":21},"end":{"line":10,"column":42}},"4":{"start":{"line":11,"column":20},"end":{"line":11,"column":73}},"5":{"start":{"line":11,"column":37},"end":{"line":11,"column":55}},"6":{"start":{"line":12,"column":20},"end":{"line":12,"column":30}},"7":{"start":{"line":13,"column":2},"end":{"line":30,"column":3}},"8":{"start":{"line":14,"column":17},"end":{"line":20,"column":6}},"9":{"start":{"line":21,"column":4},"end":{"line":23,"column":5}},"10":{"start":{"line":24,"column":16},"end":{"line":24,"column":38}},"11":{"start":{"line":25,"column":4},"end":{"line":25,"column":28}},"12":{"start":{"line":26,"column":4},"end":{"line":26,"column":15}},"13":{"start":{"line":28,"column":4},"end":{"line":28,"column":28}},"14":{"start":{"line":29,"column":4},"end":{"line":29,"column":16}},"15":{"start":{"line":34,"column":2},"end":{"line":34,"column":43}},"16":{"start":{"line":34,"column":20},"end":{"line":34,"column":43}},"17":{"start":{"line":35,"column":2},"end":{"line":35,"column":39}},"18":{"start":{"line":35,"column":22},"end":{"line":35,"column":39}},"19":{"start":{"line":36,"column":2},"end":{"line":36,"column":36}},"20":{"start":{"line":36,"column":20},"end":{"line":36,"column":36}},"21":{"start":{"line":37,"column":2},"end":{"line":37,"column":38}},"22":{"start":{"line":37,"column":20},"end":{"line":37,"column":38}},"23":{"start":{"line":38,"column":2},"end":{"line":38,"column":16}},"24":{"start":{"line":41,"column":23},"end":{"line":45,"column":2}},"25":{"start":{"line":48,"column":40},"end":{"line":48,"column":60}},"26":{"start":{"line":49,"column":30},"end":{"line":49,"column":50}},"27":{"start":{"line":51,"column":2},"end":{"line":56,"column":9}},"28":{"start":{"line":52,"column":24},"end":{"line":54,"column":6}},"29":{"start":{"line":53,"column":6},"end":{"line":53,"column":88}},"30":{"start":{"line":55,"column":4},"end":{"line":55,"column":46}},"31":{"start":{"line":55,"column":17},"end":{"line":55,"column":45}},"32":{"start":{"line":58,"column":2},"end":{"line":71,"column":9}},"33":{"start":{"line":59,"column":18},"end":{"line":59,"column":22}},"34":{"start":{"line":61,"column":16},"end":{"line":64,"column":5}},"35":{"start":{"line":62,"column":18},"end":{"line":62,"column":37}},"36":{"start":{"line":63,"column":6},"end":{"line":63,"column":34}},"37":{"start":{"line":63,"column":19},"end":{"line":63,"column":34}},"38":{"start":{"line":65,"column":4},"end":{"line":65,"column":10}},"39":{"start":{"line":66,"column":4},"end":{"line":66,"column":52}},"40":{"start":{"line":67,"column":4},"end":{"line":70,"column":6}},"41":{"start":{"line":68,"column":6},"end":{"line":68,"column":22}},"42":{"start":{"line":69,"column":6},"end":{"line":69,"column":32}},"43":{"start":{"line":73,"column":19},"end":{"line":73,"column":56}},"44":{"start":{"line":75,"column":16},"end":{"line":75,"column":105}},"45":{"start":{"line":75,"column":37},"end":{"line":75,"column":70}},"46":{"start":{"line":76,"column":2},"end":{"line":76,"column":85}},"47":{"start":{"line":80,"column":2},"end":{"line":80,"column":42}}},"fnMap":{"0":{"name":"measurePing","decl":{"start":{"line":9,"column":15},"end":{"line":9,"column":26}},"loc":{"start":{"line":9,"column":29},"end":{"line":31,"column":1}},"line":9},"1":{"name":"(anonymous_1)","decl":{"start":{"line":11,"column":31},"end":{"line":11,"column":32}},"loc":{"start":{"line":11,"column":37},"end":{"line":11,"column":55}},"line":11},"2":{"name":"classifyStrength","decl":{"start":{"line":33,"column":9},"end":{"line":33,"column":25}},"loc":{"start":{"line":33,"column":47},"end":{"line":39,"column":1}},"line":33},"3":{"name":"NetworkProvider","decl":{"start":{"line":47,"column":16},"end":{"line":47,"column":31}},"loc":{"start":{"line":47,"column":46},"end":{"line":77,"column":1}},"line":47},"4":{"name":"(anonymous_4)","decl":{"start":{"line":51,"column":18},"end":{"line":51,"column":19}},"loc":{"start":{"line":51,"column":24},"end":{"line":56,"column":3}},"line":51},"5":{"name":"(anonymous_5)","decl":{"start":{"line":52,"column":49},"end":{"line":52,"column":50}},"loc":{"start":{"line":52,"column":60},"end":{"line":54,"column":5}},"line":52},"6":{"name":"(anonymous_6)","decl":{"start":{"line":55,"column":11},"end":{"line":55,"column":12}},"loc":{"start":{"line":55,"column":17},"end":{"line":55,"column":45}},"line":55},"7":{"name":"(anonymous_7)","decl":{"start":{"line":58,"column":18},"end":{"line":58,"column":19}},"loc":{"start":{"line":58,"column":24},"end":{"line":71,"column":3}},"line":58},"8":{"name":"(anonymous_8)","decl":{"start":{"line":61,"column":16},"end":{"line":61,"column":17}},"loc":{"start":{"line":61,"column":28},"end":{"line":64,"column":5}},"line":61},"9":{"name":"(anonymous_9)","decl":{"start":{"line":67,"column":11},"end":{"line":67,"column":12}},"loc":{"start":{"line":67,"column":17},"end":{"line":70,"column":5}},"line":67},"10":{"name":"(anonymous_10)","decl":{"start":{"line":75,"column":30},"end":{"line":75,"column":31}},"loc":{"start":{"line":75,"column":37},"end":{"line":75,"column":70}},"line":75},"11":{"name":"useNetwork","decl":{"start":{"line":79,"column":16},"end":{"line":79,"column":26}},"loc":{"start":{"line":79,"column":29},"end":{"line":81,"column":1}},"line":79}},"branchMap":{"0":{"loc":{"start":{"line":19,"column":10},"end":{"line":19,"column":58}},"type":"cond-expr","locations":[{"start":{"line":19,"column":34},"end":{"line":19,"column":53}},{"start":{"line":19,"column":56},"end":{"line":19,"column":58}}],"line":19},"1":{"loc":{"start":{"line":21,"column":4},"end":{"line":23,"column":5}},"type":"if","locations":[{"start":{"line":21,"column":4},"end":{"line":23,"column":5}},{"start":{},"end":{}}],"line":21},"2":{"loc":{"start":{"line":21,"column":8},"end":{"line":21,"column":39}},"type":"binary-expr","locations":[{"start":{"line":21,"column":8},"end":{"line":21,"column":16}},{"start":{"line":21,"column":20},"end":{"line":21,"column":39}}],"line":21},"3":{"loc":{"start":{"line":34,"column":2},"end":{"line":34,"column":43}},"type":"if","locations":[{"start":{"line":34,"column":2},"end":{"line":34,"column":43}},{"start":{},"end":{}}],"line":34},"4":{"loc":{"start":{"line":35,"column":2},"end":{"line":35,"column":39}},"type":"if","locations":[{"start":{"line":35,"column":2},"end":{"line":35,"column":39}},{"start":{},"end":{}}],"line":35},"5":{"loc":{"start":{"line":36,"column":2},"end":{"line":36,"column":36}},"type":"if","locations":[{"start":{"line":36,"column":2},"end":{"line":36,"column":36}},{"start":{},"end":{}}],"line":36},"6":{"loc":{"start":{"line":37,"column":2},"end":{"line":37,"column":38}},"type":"if","locations":[{"start":{"line":37,"column":2},"end":{"line":37,"column":38}},{"start":{},"end":{}}],"line":37},"7":{"loc":{"start":{"line":53,"column":29},"end":{"line":53,"column":85}},"type":"binary-expr","locations":[{"start":{"line":53,"column":29},"end":{"line":53,"column":46}},{"start":{"line":53,"column":50},"end":{"line":53,"column":85}}],"line":53},"8":{"loc":{"start":{"line":55,"column":17},"end":{"line":55,"column":45}},"type":"binary-expr","locations":[{"start":{"line":55,"column":17},"end":{"line":55,"column":28}},{"start":{"line":55,"column":32},"end":{"line":55,"column":45}}],"line":55},"9":{"loc":{"start":{"line":63,"column":6},"end":{"line":63,"column":34}},"type":"if","locations":[{"start":{"line":63,"column":6},"end":{"line":63,"column":34}},{"start":{},"end":{}}],"line":63}},"s":{"0":1,"1":1,"2":1,"3":0,"4":0,"5":0,"6":0,"7":0,"8":0,"9":0,"10":0,"11":0,"12":0,"13":0,"14":0,"15":0,"16":0,"17":0,"18":0,"19":0,"20":0,"21":0,"22":0,"23":0,"24":1,"25":0,"26":0,"27":0,"28":0,"29":0,"30":0,"31":0,"32":0,"33":0,"34":0,"35":0,"36":0,"37":0,"38":0,"39":0,"40":0,"41":0,"42":0,"43":0,"44":0,"45":0,"46":0,"47":1},"f":{"0":0,"1":0,"2":0,"3":0,"4":0,"5":0,"6":0,"7":0,"8":0,"9":0,"10":0,"11":1},"b":{"0":[0,0],"1":[0,0],"2":[0,0],"3":[0,0],"4":[0,0],"5":[0,0],"6":[0,0],"7":[0,0],"8":[0,0],"9":[0,0]},"_coverageSchema":"1a1c01bbd47fc00a2c39e90264f33305004495a9","hash":"4fd32ab6e2e4a70ae268bd09a72132ed9492b3ea"}
,"C:\\Users\\Yangu\\Documents\\GitHub\\FinalProject2025\\context\\ProgressContext.js": {"path":"C:\\Users\\Yangu\\Documents\\GitHub\\FinalProject2025\\context\\ProgressContext.js","statementMap":{"0":{"start":{"line":3,"column":24},"end":{"line":9,"column":2}},"1":{"start":{"line":12,"column":39},"end":{"line":12,"column":56}},"2":{"start":{"line":14,"column":22},"end":{"line":17,"column":8}},"3":{"start":{"line":15,"column":20},"end":{"line":15,"column":80}},"4":{"start":{"line":16,"column":4},"end":{"line":16,"column":30}},"5":{"start":{"line":19,"column":18},"end":{"line":21,"column":8}},"6":{"start":{"line":20,"column":4},"end":{"line":20,"column":96}},"7":{"start":{"line":20,"column":28},"end":{"line":20,"column":94}},"8":{"start":{"line":23,"column":18},"end":{"line":25,"column":8}},"9":{"start":{"line":24,"column":4},"end":{"line":24,"column":96}},"10":{"start":{"line":24,"column":28},"end":{"line":24,"column":94}},"11":{"start":{"line":27,"column":16},"end":{"line":27,"column":64}},"12":{"start":{"line":27,"column":40},"end":{"line":27,"column":59}},"13":{"start":{"line":29,"column":16},"end":{"line":32,"column":3}},"14":{"start":{"line":30,"column":11},"end":{"line":30,"column":61}},"15":{"start":{"line":34,"column":2},"end":{"line":34,"column":87}},"16":{"start":{"line":38,"column":2},"end":{"line":38,"column":43}}},"fnMap":{"0":{"name":"(anonymous_0)","decl":{"start":{"line":5,"column":15},"end":{"line":5,"column":16}},"loc":{"start":{"line":5,"column":23},"end":{"line":5,"column":25}},"line":5},"1":{"name":"(anonymous_1)","decl":{"start":{"line":6,"column":11},"end":{"line":6,"column":12}},"loc":{"start":{"line":6,"column":23},"end":{"line":6,"column":25}},"line":6},"2":{"name":"(anonymous_2)","decl":{"start":{"line":7,"column":11},"end":{"line":7,"column":12}},"loc":{"start":{"line":7,"column":23},"end":{"line":7,"column":25}},"line":7},"3":{"name":"(anonymous_3)","decl":{"start":{"line":8,"column":9},"end":{"line":8,"column":10}},"loc":{"start":{"line":8,"column":15},"end":{"line":8,"column":17}},"line":8},"4":{"name":"ProgressProvider","decl":{"start":{"line":11,"column":16},"end":{"line":11,"column":32}},"loc":{"start":{"line":11,"column":47},"end":{"line":35,"column":1}},"line":11},"5":{"name":"(anonymous_5)","decl":{"start":{"line":14,"column":40},"end":{"line":14,"column":41}},"loc":{"start":{"line":14,"column":51},"end":{"line":17,"column":3}},"line":14},"6":{"name":"(anonymous_6)","decl":{"start":{"line":19,"column":36},"end":{"line":19,"column":37}},"loc":{"start":{"line":19,"column":47},"end":{"line":21,"column":3}},"line":19},"7":{"name":"(anonymous_7)","decl":{"start":{"line":20,"column":21},"end":{"line":20,"column":22}},"loc":{"start":{"line":20,"column":28},"end":{"line":20,"column":94}},"line":20},"8":{"name":"(anonymous_8)","decl":{"start":{"line":23,"column":36},"end":{"line":23,"column":37}},"loc":{"start":{"line":23,"column":47},"end":{"line":25,"column":3}},"line":23},"9":{"name":"(anonymous_9)","decl":{"start":{"line":24,"column":21},"end":{"line":24,"column":22}},"loc":{"start":{"line":24,"column":28},"end":{"line":24,"column":94}},"line":24},"10":{"name":"(anonymous_10)","decl":{"start":{"line":27,"column":34},"end":{"line":27,"column":35}},"loc":{"start":{"line":27,"column":40},"end":{"line":27,"column":59}},"line":27},"11":{"name":"(anonymous_11)","decl":{"start":{"line":30,"column":4},"end":{"line":30,"column":5}},"loc":{"start":{"line":30,"column":11},"end":{"line":30,"column":61}},"line":30},"12":{"name":"useProgress","decl":{"start":{"line":37,"column":16},"end":{"line":37,"column":27}},"loc":{"start":{"line":37,"column":30},"end":{"line":39,"column":1}},"line":37}},"branchMap":{"0":{"loc":{"start":{"line":15,"column":44},"end":{"line":15,"column":78}},"type":"cond-expr","locations":[{"start":{"line":15,"column":69},"end":{"line":15,"column":74}},{"start":{"line":15,"column":77},"end":{"line":15,"column":78}}],"line":15},"1":{"loc":{"start":{"line":20,"column":57},"end":{"line":20,"column":91}},"type":"cond-expr","locations":[{"start":{"line":20,"column":82},"end":{"line":20,"column":87}},{"start":{"line":20,"column":90},"end":{"line":20,"column":91}}],"line":20},"2":{"loc":{"start":{"line":24,"column":57},"end":{"line":24,"column":91}},"type":"cond-expr","locations":[{"start":{"line":24,"column":82},"end":{"line":24,"column":87}},{"start":{"line":24,"column":90},"end":{"line":24,"column":91}}],"line":24}},"s":{"0":12,"1":14,"2":14,"3":0,"4":0,"5":14,"6":0,"7":0,"8":14,"9":0,"10":0,"11":14,"12":0,"13":14,"14":14,"15":14,"16":4},"f":{"0":0,"1":0,"2":0,"3":0,"4":14,"5":0,"6":0,"7":0,"8":0,"9":0,"10":0,"11":14,"12":4},"b":{"0":[0,0],"1":[0,0],"2":[0,0]},"_coverageSchema":"1a1c01bbd47fc00a2c39e90264f33305004495a9","hash":"a7bc8bc29a667f2c5940b9ca1bea6337cdb18422"}
,"C:\\Users\\Yangu\\Documents\\GitHub\\FinalProject2025\\screens\\ElevationMapScreen.js": {"path":"C:\\Users\\Yangu\\Documents\\GitHub\\FinalProject2025\\screens\\ElevationMapScreen.js","statementMap":{"0":{"start":{"line":9,"column":21},"end":{"line":9,"column":36}},"1":{"start":{"line":10,"column":30},"end":{"line":10,"column":76}},"2":{"start":{"line":11,"column":38},"end":{"line":11,"column":58}},"3":{"start":{"line":12,"column":32},"end":{"line":12,"column":53}},"4":{"start":{"line":13,"column":28},"end":{"line":13,"column":48}},"5":{"start":{"line":14,"column":44},"end":{"line":14,"column":64}},"6":{"start":{"line":15,"column":48},"end":{"line":15,"column":68}},"7":{"start":{"line":18,"column":4},"end":{"line":18,"column":141}},"8":{"start":{"line":20,"column":4},"end":{"line":20,"column":127}},"9":{"start":{"line":22,"column":22},"end":{"line":38,"column":18}},"10":{"start":{"line":23,"column":4},"end":{"line":23,"column":38}},"11":{"start":{"line":23,"column":31},"end":{"line":23,"column":38}},"12":{"start":{"line":24,"column":4},"end":{"line":24,"column":124}},"13":{"start":{"line":24,"column":117},"end":{"line":24,"column":124}},"14":{"start":{"line":25,"column":4},"end":{"line":25,"column":68}},"15":{"start":{"line":25,"column":21},"end":{"line":25,"column":68}},"16":{"start":{"line":26,"column":4},"end":{"line":26,"column":93}},"17":{"start":{"line":26,"column":64},"end":{"line":26,"column":93}},"18":{"start":{"line":27,"column":14},"end":{"line":35,"column":6}},"19":{"start":{"line":28,"column":21},"end":{"line":28,"column":53}},"20":{"start":{"line":29,"column":6},"end":{"line":29,"column":93}},"21":{"start":{"line":30,"column":6},"end":{"line":30,"column":26}},"22":{"start":{"line":31,"column":6},"end":{"line":31,"column":26}},"23":{"start":{"line":32,"column":6},"end":{"line":32,"column":85}},"24":{"start":{"line":32,"column":30},"end":{"line":32,"column":84}},"25":{"start":{"line":33,"column":6},"end":{"line":33,"column":38}},"26":{"start":{"line":33,"column":28},"end":{"line":33,"column":37}},"27":{"start":{"line":34,"column":6},"end":{"line":34,"column":40}},"28":{"start":{"line":36,"column":4},"end":{"line":36,"column":65}},"29":{"start":{"line":36,"column":39},"end":{"line":36,"column":65}},"30":{"start":{"line":37,"column":4},"end":{"line":37,"column":13}},"31":{"start":{"line":40,"column":25},"end":{"line":79,"column":18}},"32":{"start":{"line":41,"column":4},"end":{"line":45,"column":5}},"33":{"start":{"line":42,"column":6},"end":{"line":42,"column":46}},"34":{"start":{"line":43,"column":6},"end":{"line":43,"column":26}},"35":{"start":{"line":44,"column":6},"end":{"line":44,"column":13}},"36":{"start":{"line":46,"column":4},"end":{"line":78,"column":5}},"37":{"start":{"line":47,"column":6},"end":{"line":47,"column":23}},"38":{"start":{"line":48,"column":6},"end":{"line":48,"column":21}},"39":{"start":{"line":49,"column":6},"end":{"line":72,"column":7}},"40":{"start":{"line":50,"column":8},"end":{"line":50,"column":28}},"41":{"start":{"line":51,"column":8},"end":{"line":53,"column":9}},"42":{"start":{"line":52,"column":10},"end":{"line":52,"column":58}},"43":{"start":{"line":54,"column":24},"end":{"line":54,"column":65}},"44":{"start":{"line":55,"column":24},"end":{"line":60,"column":10}},"45":{"start":{"line":56,"column":10},"end":{"line":59,"column":13}},"46":{"start":{"line":57,"column":12},"end":{"line":58,"column":78}},"47":{"start":{"line":57,"column":54},"end":{"line":57,"column":67}},"48":{"start":{"line":58,"column":17},"end":{"line":58,"column":78}},"49":{"start":{"line":61,"column":8},"end":{"line":61,"column":56}},"50":{"start":{"line":63,"column":20},"end":{"line":63,"column":115}},"51":{"start":{"line":64,"column":21},"end":{"line":64,"column":75}},"52":{"start":{"line":65,"column":21},"end":{"line":65,"column":38}},"53":{"start":{"line":66,"column":8},"end":{"line":70,"column":9}},"54":{"start":{"line":67,"column":10},"end":{"line":67,"column":46}},"55":{"start":{"line":68,"column":10},"end":{"line":68,"column":30}},"56":{"start":{"line":69,"column":10},"end":{"line":69,"column":17}},"57":{"start":{"line":71,"column":8},"end":{"line":71,"column":61}},"58":{"start":{"line":74,"column":6},"end":{"line":74,"column":111}},"59":{"start":{"line":75,"column":6},"end":{"line":75,"column":26}},"60":{"start":{"line":77,"column":6},"end":{"line":77,"column":24}},"61":{"start":{"line":81,"column":31},"end":{"line":134,"column":31}},"62":{"start":{"line":82,"column":4},"end":{"line":82,"column":67}},"63":{"start":{"line":82,"column":55},"end":{"line":82,"column":67}},"64":{"start":{"line":83,"column":4},"end":{"line":133,"column":5}},"65":{"start":{"line":84,"column":6},"end":{"line":130,"column":7}},"66":{"start":{"line":85,"column":8},"end":{"line":85,"column":28}},"67":{"start":{"line":86,"column":8},"end":{"line":86,"column":103}},"68":{"start":{"line":86,"column":91},"end":{"line":86,"column":103}},"69":{"start":{"line":87,"column":24},"end":{"line":87,"column":65}},"70":{"start":{"line":88,"column":26},"end":{"line":88,"column":73}},"71":{"start":{"line":88,"column":45},"end":{"line":88,"column":71}},"72":{"start":{"line":89,"column":22},"end":{"line":89,"column":25}},"73":{"start":{"line":90,"column":20},"end":{"line":90,"column":22}},"74":{"start":{"line":91,"column":8},"end":{"line":111,"column":9}},"75":{"start":{"line":91,"column":21},"end":{"line":91,"column":22}},"76":{"start":{"line":92,"column":24},"end":{"line":92,"column":53}},"77":{"start":{"line":94,"column":24},"end":{"line":99,"column":12}},"78":{"start":{"line":95,"column":12},"end":{"line":98,"column":15}},"79":{"start":{"line":96,"column":14},"end":{"line":97,"column":80}},"80":{"start":{"line":96,"column":56},"end":{"line":96,"column":69}},"81":{"start":{"line":97,"column":19},"end":{"line":97,"column":80}},"82":{"start":{"line":101,"column":10},"end":{"line":110,"column":11}},"83":{"start":{"line":102,"column":12},"end":{"line":109,"column":15}},"84":{"start":{"line":112,"column":8},"end":{"line":112,"column":19}},"85":{"start":{"line":114,"column":22},"end":{"line":114,"column":25}},"86":{"start":{"line":115,"column":20},"end":{"line":115,"column":22}},"87":{"start":{"line":116,"column":8},"end":{"line":128,"column":9}},"88":{"start":{"line":116,"column":21},"end":{"line":116,"column":22}},"89":{"start":{"line":117,"column":24},"end":{"line":117,"column":50}},"90":{"start":{"line":118,"column":27},"end":{"line":118,"column":74}},"91":{"start":{"line":118,"column":44},"end":{"line":118,"column":63}},"92":{"start":{"line":119,"column":22},"end":{"line":119,"column":135}},"93":{"start":{"line":121,"column":23},"end":{"line":121,"column":77}},"94":{"start":{"line":123,"column":23},"end":{"line":123,"column":40}},"95":{"start":{"line":124,"column":10},"end":{"line":126,"column":11}},"96":{"start":{"line":125,"column":12},"end":{"line":125,"column":21}},"97":{"start":{"line":127,"column":10},"end":{"line":127,"column":36}},"98":{"start":{"line":129,"column":8},"end":{"line":129,"column":39}},"99":{"start":{"line":132,"column":6},"end":{"line":132,"column":18}},"100":{"start":{"line":136,"column":26},"end":{"line":176,"column":46}},"101":{"start":{"line":137,"column":4},"end":{"line":137,"column":19}},"102":{"start":{"line":139,"column":4},"end":{"line":157,"column":5}},"103":{"start":{"line":140,"column":6},"end":{"line":156,"column":9}},"104":{"start":{"line":141,"column":8},"end":{"line":155,"column":10}},"105":{"start":{"line":143,"column":44},"end":{"line":143,"column":54}},"106":{"start":{"line":144,"column":25},"end":{"line":144,"column":58}},"107":{"start":{"line":145,"column":12},"end":{"line":145,"column":28}},"108":{"start":{"line":146,"column":12},"end":{"line":146,"column":53}},"109":{"start":{"line":147,"column":12},"end":{"line":147,"column":22}},"110":{"start":{"line":150,"column":12},"end":{"line":150,"column":51}},"111":{"start":{"line":151,"column":12},"end":{"line":151,"column":57}},"112":{"start":{"line":152,"column":12},"end":{"line":152,"column":22}},"113":{"start":{"line":159,"column":4},"end":{"line":175,"column":5}},"114":{"start":{"line":161,"column":23},"end":{"line":161,"column":52}},"115":{"start":{"line":162,"column":25},"end":{"line":162,"column":75}},"116":{"start":{"line":163,"column":6},"end":{"line":167,"column":7}},"117":{"start":{"line":164,"column":8},"end":{"line":164,"column":47}},"118":{"start":{"line":165,"column":8},"end":{"line":165,"column":53}},"119":{"start":{"line":166,"column":8},"end":{"line":166,"column":15}},"120":{"start":{"line":168,"column":22},"end":{"line":168,"column":102}},"121":{"start":{"line":169,"column":19},"end":{"line":169,"column":82}},"122":{"start":{"line":170,"column":6},"end":{"line":170,"column":22}},"123":{"start":{"line":171,"column":6},"end":{"line":171,"column":47}},"124":{"start":{"line":173,"column":6},"end":{"line":173,"column":65}},"125":{"start":{"line":174,"column":6},"end":{"line":174,"column":51}},"126":{"start":{"line":178,"column":2},"end":{"line":181,"column":24}},"127":{"start":{"line":180,"column":4},"end":{"line":180,"column":22}},"128":{"start":{"line":183,"column":23},"end":{"line":185,"column":23}},"129":{"start":{"line":184,"column":4},"end":{"line":184,"column":22}},"130":{"start":{"line":187,"column":25},"end":{"line":187,"column":52}},"131":{"start":{"line":187,"column":37},"end":{"line":187,"column":52}},"132":{"start":{"line":188,"column":25},"end":{"line":188,"column":97}},"133":{"start":{"line":188,"column":44},"end":{"line":188,"column":97}},"134":{"start":{"line":192,"column":37},"end":{"line":250,"column":52}},"135":{"start":{"line":193,"column":4},"end":{"line":249,"column":5}},"136":{"start":{"line":194,"column":6},"end":{"line":194,"column":23}},"137":{"start":{"line":195,"column":6},"end":{"line":195,"column":21}},"138":{"start":{"line":197,"column":27},"end":{"line":197,"column":31}},"139":{"start":{"line":198,"column":25},"end":{"line":198,"column":28}},"140":{"start":{"line":199,"column":23},"end":{"line":199,"column":60}},"141":{"start":{"line":200,"column":22},"end":{"line":200,"column":48}},"142":{"start":{"line":201,"column":22},"end":{"line":201,"column":60}},"143":{"start":{"line":202,"column":21},"end":{"line":202,"column":23}},"144":{"start":{"line":203,"column":6},"end":{"line":211,"column":7}},"145":{"start":{"line":203,"column":20},"end":{"line":203,"column":29}},"146":{"start":{"line":204,"column":8},"end":{"line":210,"column":9}},"147":{"start":{"line":204,"column":22},"end":{"line":204,"column":31}},"148":{"start":{"line":205,"column":23},"end":{"line":205,"column":64}},"149":{"start":{"line":206,"column":10},"end":{"line":206,"column":44}},"150":{"start":{"line":206,"column":35},"end":{"line":206,"column":44}},"151":{"start":{"line":207,"column":22},"end":{"line":207,"column":47}},"152":{"start":{"line":208,"column":22},"end":{"line":208,"column":47}},"153":{"start":{"line":209,"column":10},"end":{"line":209,"column":36}},"154":{"start":{"line":212,"column":22},"end":{"line":212,"column":56}},"155":{"start":{"line":213,"column":6},"end":{"line":218,"column":7}},"156":{"start":{"line":214,"column":8},"end":{"line":214,"column":53}},"157":{"start":{"line":215,"column":8},"end":{"line":215,"column":31}},"158":{"start":{"line":216,"column":8},"end":{"line":216,"column":33}},"159":{"start":{"line":217,"column":8},"end":{"line":217,"column":15}},"160":{"start":{"line":220,"column":17},"end":{"line":220,"column":21}},"161":{"start":{"line":221,"column":6},"end":{"line":238,"column":7}},"162":{"start":{"line":221,"column":19},"end":{"line":221,"column":20}},"163":{"start":{"line":222,"column":18},"end":{"line":222,"column":28}},"164":{"start":{"line":223,"column":8},"end":{"line":223,"column":75}},"165":{"start":{"line":223,"column":66},"end":{"line":223,"column":75}},"166":{"start":{"line":224,"column":20},"end":{"line":224,"column":92}},"167":{"start":{"line":225,"column":20},"end":{"line":225,"column":92}},"168":{"start":{"line":226,"column":8},"end":{"line":226,"column":49}},"169":{"start":{"line":226,"column":40},"end":{"line":226,"column":49}},"170":{"start":{"line":227,"column":22},"end":{"line":227,"column":49}},"171":{"start":{"line":228,"column":22},"end":{"line":228,"column":90}},"172":{"start":{"line":229,"column":21},"end":{"line":229,"column":61}},"173":{"start":{"line":230,"column":26},"end":{"line":230,"column":68}},"174":{"start":{"line":231,"column":8},"end":{"line":237,"column":9}},"175":{"start":{"line":236,"column":10},"end":{"line":236,"column":27}},"176":{"start":{"line":239,"column":6},"end":{"line":244,"column":7}},"177":{"start":{"line":240,"column":8},"end":{"line":240,"column":31}},"178":{"start":{"line":241,"column":8},"end":{"line":241,"column":33}},"179":{"start":{"line":242,"column":8},"end":{"line":242,"column":50}},"180":{"start":{"line":243,"column":8},"end":{"line":243,"column":15}},"181":{"start":{"line":245,"column":6},"end":{"line":245,"column":57}},"182":{"start":{"line":246,"column":6},"end":{"line":246,"column":53}},"183":{"start":{"line":248,"column":6},"end":{"line":248,"column":24}},"184":{"start":{"line":253,"column":24},"end":{"line":307,"column":8}},"185":{"start":{"line":254,"column":17},"end":{"line":305,"column":8}},"186":{"start":{"line":306,"column":4},"end":{"line":306,"column":16}},"187":{"start":{"line":310,"column":27},"end":{"line":313,"column":21}},"188":{"start":{"line":311,"column":17},"end":{"line":311,"column":100}},"189":{"start":{"line":312,"column":4},"end":{"line":312,"column":70}},"190":{"start":{"line":315,"column":21},"end":{"line":326,"column":74}},"191":{"start":{"line":316,"column":24},"end":{"line":316,"column":44}},"192":{"start":{"line":317,"column":24},"end":{"line":317,"column":119}},"193":{"start":{"line":318,"column":20},"end":{"line":320,"column":58}},"194":{"start":{"line":321,"column":21},"end":{"line":323,"column":88}},"195":{"start":{"line":324,"column":25},"end":{"line":324,"column":52}},"196":{"start":{"line":325,"column":4},"end":{"line":325,"column":111}},"197":{"start":{"line":328,"column":20},"end":{"line":338,"column":77}},"198":{"start":{"line":330,"column":24},"end":{"line":330,"column":44}},"199":{"start":{"line":331,"column":24},"end":{"line":331,"column":119}},"200":{"start":{"line":332,"column":20},"end":{"line":334,"column":39}},"201":{"start":{"line":335,"column":21},"end":{"line":335,"column":23}},"202":{"start":{"line":336,"column":25},"end":{"line":336,"column":30}},"203":{"start":{"line":337,"column":4},"end":{"line":337,"column":114}},"204":{"start":{"line":339,"column":2},"end":{"line":376,"column":4}},"205":{"start":{"line":360,"column":34},"end":{"line":360,"column":53}},"206":{"start":{"line":379,"column":15},"end":{"line":433,"column":2}}},"fnMap":{"0":{"name":"ElevationMapScreen","decl":{"start":{"line":8,"column":24},"end":{"line":8,"column":42}},"loc":{"start":{"line":8,"column":45},"end":{"line":377,"column":1}},"line":8},"1":{"name":"(anonymous_1)","decl":{"start":{"line":22,"column":40},"end":{"line":22,"column":41}},"loc":{"start":{"line":22,"column":52},"end":{"line":38,"column":3}},"line":22},"2":{"name":"(anonymous_2)","decl":{"start":{"line":27,"column":26},"end":{"line":27,"column":27}},"loc":{"start":{"line":27,"column":47},"end":{"line":35,"column":5}},"line":27},"3":{"name":"(anonymous_3)","decl":{"start":{"line":32,"column":23},"end":{"line":32,"column":24}},"loc":{"start":{"line":32,"column":30},"end":{"line":32,"column":84}},"line":32},"4":{"name":"(anonymous_4)","decl":{"start":{"line":33,"column":22},"end":{"line":33,"column":23}},"loc":{"start":{"line":33,"column":28},"end":{"line":33,"column":37}},"line":33},"5":{"name":"(anonymous_5)","decl":{"start":{"line":40,"column":43},"end":{"line":40,"column":44}},"loc":{"start":{"line":40,"column":63},"end":{"line":79,"column":3}},"line":40},"6":{"name":"(anonymous_6)","decl":{"start":{"line":55,"column":42},"end":{"line":55,"column":43}},"loc":{"start":{"line":55,"column":63},"end":{"line":60,"column":9}},"line":55},"7":{"name":"(anonymous_7)","decl":{"start":{"line":56,"column":74},"end":{"line":56,"column":75}},"loc":{"start":{"line":56,"column":91},"end":{"line":59,"column":11}},"line":56},"8":{"name":"(anonymous_8)","decl":{"start":{"line":81,"column":49},"end":{"line":81,"column":50}},"loc":{"start":{"line":81,"column":67},"end":{"line":134,"column":3}},"line":81},"9":{"name":"(anonymous_9)","decl":{"start":{"line":88,"column":37},"end":{"line":88,"column":38}},"loc":{"start":{"line":88,"column":45},"end":{"line":88,"column":71}},"line":88},"10":{"name":"(anonymous_10)","decl":{"start":{"line":94,"column":42},"end":{"line":94,"column":43}},"loc":{"start":{"line":94,"column":63},"end":{"line":99,"column":11}},"line":94},"11":{"name":"(anonymous_11)","decl":{"start":{"line":95,"column":67},"end":{"line":95,"column":68}},"loc":{"start":{"line":95,"column":84},"end":{"line":98,"column":13}},"line":95},"12":{"name":"(anonymous_12)","decl":{"start":{"line":118,"column":37},"end":{"line":118,"column":38}},"loc":{"start":{"line":118,"column":44},"end":{"line":118,"column":63}},"line":118},"13":{"name":"(anonymous_13)","decl":{"start":{"line":136,"column":44},"end":{"line":136,"column":45}},"loc":{"start":{"line":136,"column":56},"end":{"line":176,"column":3}},"line":136},"14":{"name":"(anonymous_14)","decl":{"start":{"line":140,"column":25},"end":{"line":140,"column":26}},"loc":{"start":{"line":140,"column":38},"end":{"line":156,"column":7}},"line":140},"15":{"name":"(anonymous_15)","decl":{"start":{"line":142,"column":10},"end":{"line":142,"column":11}},"loc":{"start":{"line":142,"column":25},"end":{"line":148,"column":11}},"line":142},"16":{"name":"(anonymous_16)","decl":{"start":{"line":149,"column":10},"end":{"line":149,"column":11}},"loc":{"start":{"line":149,"column":22},"end":{"line":153,"column":11}},"line":149},"17":{"name":"(anonymous_17)","decl":{"start":{"line":178,"column":18},"end":{"line":178,"column":19}},"loc":{"start":{"line":178,"column":24},"end":{"line":181,"column":3}},"line":178},"18":{"name":"(anonymous_18)","decl":{"start":{"line":183,"column":41},"end":{"line":183,"column":42}},"loc":{"start":{"line":183,"column":47},"end":{"line":185,"column":3}},"line":183},"19":{"name":"(anonymous_19)","decl":{"start":{"line":187,"column":25},"end":{"line":187,"column":26}},"loc":{"start":{"line":187,"column":37},"end":{"line":187,"column":52}},"line":187},"20":{"name":"(anonymous_20)","decl":{"start":{"line":188,"column":25},"end":{"line":188,"column":26}},"loc":{"start":{"line":188,"column":44},"end":{"line":188,"column":97}},"line":188},"21":{"name":"(anonymous_21)","decl":{"start":{"line":192,"column":55},"end":{"line":192,"column":56}},"loc":{"start":{"line":192,"column":67},"end":{"line":250,"column":3}},"line":192},"22":{"name":"(anonymous_22)","decl":{"start":{"line":253,"column":42},"end":{"line":253,"column":43}},"loc":{"start":{"line":253,"column":116},"end":{"line":307,"column":3}},"line":253},"23":{"name":"(anonymous_23)","decl":{"start":{"line":310,"column":45},"end":{"line":310,"column":46}},"loc":{"start":{"line":310,"column":119},"end":{"line":313,"column":3}},"line":310},"24":{"name":"(anonymous_24)","decl":{"start":{"line":315,"column":35},"end":{"line":315,"column":36}},"loc":{"start":{"line":315,"column":41},"end":{"line":326,"column":3}},"line":315},"25":{"name":"(anonymous_25)","decl":{"start":{"line":328,"column":34},"end":{"line":328,"column":35}},"loc":{"start":{"line":328,"column":40},"end":{"line":338,"column":3}},"line":328},"26":{"name":"(anonymous_26)","decl":{"start":{"line":360,"column":28},"end":{"line":360,"column":29}},"loc":{"start":{"line":360,"column":34},"end":{"line":360,"column":53}},"line":360}},"branchMap":{"0":{"loc":{"start":{"line":18,"column":4},"end":{"line":18,"column":141}},"type":"binary-expr","locations":[{"start":{"line":18,"column":5},"end":{"line":18,"column":35}},{"start":{"line":18,"column":39},"end":{"line":18,"column":50}},{"start":{"line":18,"column":55},"end":{"line":18,"column":98}},{"start":{"line":18,"column":102},"end":{"line":18,"column":133}},{"start":{"line":18,"column":139},"end":{"line":18,"column":141}}],"line":18},"1":{"loc":{"start":{"line":20,"column":4},"end":{"line":20,"column":127}},"type":"binary-expr","locations":[{"start":{"line":20,"column":5},"end":{"line":20,"column":35}},{"start":{"line":20,"column":39},"end":{"line":20,"column":50}},{"start":{"line":20,"column":55},"end":{"line":20,"column":91}},{"start":{"line":20,"column":95},"end":{"line":20,"column":119}},{"start":{"line":20,"column":125},"end":{"line":20,"column":127}}],"line":20},"2":{"loc":{"start":{"line":23,"column":4},"end":{"line":23,"column":38}},"type":"if","locations":[{"start":{"line":23,"column":4},"end":{"line":23,"column":38}},{"start":{},"end":{}}],"line":23},"3":{"loc":{"start":{"line":24,"column":4},"end":{"line":24,"column":124}},"type":"if","locations":[{"start":{"line":24,"column":4},"end":{"line":24,"column":124}},{"start":{},"end":{}}],"line":24},"4":{"loc":{"start":{"line":24,"column":8},"end":{"line":24,"column":115}},"type":"binary-expr","locations":[{"start":{"line":24,"column":8},"end":{"line":24,"column":37}},{"start":{"line":24,"column":41},"end":{"line":24,"column":54}},{"start":{"line":24,"column":58},"end":{"line":24,"column":76}},{"start":{"line":24,"column":80},"end":{"line":24,"column":115}}],"line":24},"5":{"loc":{"start":{"line":25,"column":4},"end":{"line":25,"column":68}},"type":"if","locations":[{"start":{"line":25,"column":4},"end":{"line":25,"column":68}},{"start":{},"end":{}}],"line":25},"6":{"loc":{"start":{"line":26,"column":4},"end":{"line":26,"column":93}},"type":"if","locations":[{"start":{"line":26,"column":4},"end":{"line":26,"column":93}},{"start":{},"end":{}}],"line":26},"7":{"loc":{"start":{"line":26,"column":8},"end":{"line":26,"column":62}},"type":"binary-expr","locations":[{"start":{"line":26,"column":8},"end":{"line":26,"column":37}},{"start":{"line":26,"column":41},"end":{"line":26,"column":62}}],"line":26},"8":{"loc":{"start":{"line":36,"column":4},"end":{"line":36,"column":65}},"type":"if","locations":[{"start":{"line":36,"column":4},"end":{"line":36,"column":65}},{"start":{},"end":{}}],"line":36},"9":{"loc":{"start":{"line":41,"column":4},"end":{"line":45,"column":5}},"type":"if","locations":[{"start":{"line":41,"column":4},"end":{"line":45,"column":5}},{"start":{},"end":{}}],"line":41},"10":{"loc":{"start":{"line":49,"column":6},"end":{"line":72,"column":7}},"type":"if","locations":[{"start":{"line":49,"column":6},"end":{"line":72,"column":7}},{"start":{"line":62,"column":13},"end":{"line":72,"column":7}}],"line":49},"11":{"loc":{"start":{"line":51,"column":8},"end":{"line":53,"column":9}},"type":"if","locations":[{"start":{"line":51,"column":8},"end":{"line":53,"column":9}},{"start":{},"end":{}}],"line":51},"12":{"loc":{"start":{"line":51,"column":14},"end":{"line":51,"column":88}},"type":"binary-expr","locations":[{"start":{"line":51,"column":14},"end":{"line":51,"column":27}},{"start":{"line":51,"column":31},"end":{"line":51,"column":49}},{"start":{"line":51,"column":53},"end":{"line":51,"column":88}}],"line":51},"13":{"loc":{"start":{"line":57,"column":12},"end":{"line":58,"column":78}},"type":"if","locations":[{"start":{"line":57,"column":12},"end":{"line":58,"column":78}},{"start":{"line":58,"column":17},"end":{"line":58,"column":78}}],"line":57},"14":{"loc":{"start":{"line":57,"column":16},"end":{"line":57,"column":52}},"type":"binary-expr","locations":[{"start":{"line":57,"column":16},"end":{"line":57,"column":31}},{"start":{"line":57,"column":35},"end":{"line":57,"column":38}},{"start":{"line":57,"column":42},"end":{"line":57,"column":52}}],"line":57},"15":{"loc":{"start":{"line":58,"column":54},"end":{"line":58,"column":73}},"type":"binary-expr","locations":[{"start":{"line":58,"column":54},"end":{"line":58,"column":60}},{"start":{"line":58,"column":64},"end":{"line":58,"column":73}}],"line":58},"16":{"loc":{"start":{"line":66,"column":8},"end":{"line":70,"column":9}},"type":"if","locations":[{"start":{"line":66,"column":8},"end":{"line":70,"column":9}},{"start":{},"end":{}}],"line":66},"17":{"loc":{"start":{"line":66,"column":12},"end":{"line":66,"column":73}},"type":"binary-expr","locations":[{"start":{"line":66,"column":12},"end":{"line":66,"column":32}},{"start":{"line":66,"column":36},"end":{"line":66,"column":49}},{"start":{"line":66,"column":53},"end":{"line":66,"column":73}}],"line":66},"18":{"loc":{"start":{"line":82,"column":4},"end":{"line":82,"column":67}},"type":"if","locations":[{"start":{"line":82,"column":4},"end":{"line":82,"column":67}},{"start":{},"end":{}}],"line":82},"19":{"loc":{"start":{"line":82,"column":8},"end":{"line":82,"column":53}},"type":"binary-expr","locations":[{"start":{"line":82,"column":8},"end":{"line":82,"column":19}},{"start":{"line":82,"column":23},"end":{"line":82,"column":30}},{"start":{"line":82,"column":34},"end":{"line":82,"column":53}}],"line":82},"20":{"loc":{"start":{"line":84,"column":6},"end":{"line":130,"column":7}},"type":"if","locations":[{"start":{"line":84,"column":6},"end":{"line":130,"column":7}},{"start":{"line":113,"column":13},"end":{"line":130,"column":7}}],"line":84},"21":{"loc":{"start":{"line":86,"column":8},"end":{"line":86,"column":103}},"type":"if","locations":[{"start":{"line":86,"column":8},"end":{"line":86,"column":103}},{"start":{},"end":{}}],"line":86},"22":{"loc":{"start":{"line":86,"column":14},"end":{"line":86,"column":88}},"type":"binary-expr","locations":[{"start":{"line":86,"column":14},"end":{"line":86,"column":27}},{"start":{"line":86,"column":31},"end":{"line":86,"column":49}},{"start":{"line":86,"column":53},"end":{"line":86,"column":88}}],"line":86},"23":{"loc":{"start":{"line":96,"column":14},"end":{"line":97,"column":80}},"type":"if","locations":[{"start":{"line":96,"column":14},"end":{"line":97,"column":80}},{"start":{"line":97,"column":19},"end":{"line":97,"column":80}}],"line":96},"24":{"loc":{"start":{"line":96,"column":18},"end":{"line":96,"column":54}},"type":"binary-expr","locations":[{"start":{"line":96,"column":18},"end":{"line":96,"column":33}},{"start":{"line":96,"column":37},"end":{"line":96,"column":40}},{"start":{"line":96,"column":44},"end":{"line":96,"column":54}}],"line":96},"25":{"loc":{"start":{"line":97,"column":56},"end":{"line":97,"column":75}},"type":"binary-expr","locations":[{"start":{"line":97,"column":56},"end":{"line":97,"column":62}},{"start":{"line":97,"column":66},"end":{"line":97,"column":75}}],"line":97},"26":{"loc":{"start":{"line":106,"column":21},"end":{"line":106,"column":93}},"type":"cond-expr","locations":[{"start":{"line":106,"column":60},"end":{"line":106,"column":76}},{"start":{"line":106,"column":79},"end":{"line":106,"column":93}}],"line":106},"27":{"loc":{"start":{"line":107,"column":21},"end":{"line":107,"column":93}},"type":"cond-expr","locations":[{"start":{"line":107,"column":60},"end":{"line":107,"column":76}},{"start":{"line":107,"column":79},"end":{"line":107,"column":93}}],"line":107},"28":{"loc":{"start":{"line":124,"column":10},"end":{"line":126,"column":11}},"type":"if","locations":[{"start":{"line":124,"column":10},"end":{"line":126,"column":11}},{"start":{},"end":{}}],"line":124},"29":{"loc":{"start":{"line":124,"column":14},"end":{"line":124,"column":75}},"type":"binary-expr","locations":[{"start":{"line":124,"column":14},"end":{"line":124,"column":34}},{"start":{"line":124,"column":38},"end":{"line":124,"column":51}},{"start":{"line":124,"column":55},"end":{"line":124,"column":75}}],"line":124},"30":{"loc":{"start":{"line":129,"column":15},"end":{"line":129,"column":38}},"type":"cond-expr","locations":[{"start":{"line":129,"column":28},"end":{"line":129,"column":31}},{"start":{"line":129,"column":34},"end":{"line":129,"column":38}}],"line":129},"31":{"loc":{"start":{"line":139,"column":4},"end":{"line":157,"column":5}},"type":"if","locations":[{"start":{"line":139,"column":4},"end":{"line":157,"column":5}},{"start":{},"end":{}}],"line":139},"32":{"loc":{"start":{"line":139,"column":8},"end":{"line":139,"column":90}},"type":"binary-expr","locations":[{"start":{"line":139,"column":8},"end":{"line":139,"column":29}},{"start":{"line":139,"column":33},"end":{"line":139,"column":65}},{"start":{"line":139,"column":69},"end":{"line":139,"column":90}}],"line":139},"33":{"loc":{"start":{"line":163,"column":6},"end":{"line":167,"column":7}},"type":"if","locations":[{"start":{"line":163,"column":6},"end":{"line":167,"column":7}},{"start":{},"end":{}}],"line":163},"34":{"loc":{"start":{"line":206,"column":10},"end":{"line":206,"column":44}},"type":"if","locations":[{"start":{"line":206,"column":10},"end":{"line":206,"column":44}},{"start":{},"end":{}}],"line":206},"35":{"loc":{"start":{"line":213,"column":6},"end":{"line":218,"column":7}},"type":"if","locations":[{"start":{"line":213,"column":6},"end":{"line":218,"column":7}},{"start":{},"end":{}}],"line":213},"36":{"loc":{"start":{"line":223,"column":8},"end":{"line":223,"column":75}},"type":"if","locations":[{"start":{"line":223,"column":8},"end":{"line":223,"column":75}},{"start":{},"end":{}}],"line":223},"37":{"loc":{"start":{"line":223,"column":12},"end":{"line":223,"column":64}},"type":"binary-expr","locations":[{"start":{"line":223,"column":12},"end":{"line":223,"column":14}},{"start":{"line":223,"column":18},"end":{"line":223,"column":49}},{"start":{"line":223,"column":53},"end":{"line":223,"column":64}}],"line":223},"38":{"loc":{"start":{"line":224,"column":20},"end":{"line":224,"column":92}},"type":"cond-expr","locations":[{"start":{"line":224,"column":59},"end":{"line":224,"column":75}},{"start":{"line":224,"column":78},"end":{"line":224,"column":92}}],"line":224},"39":{"loc":{"start":{"line":225,"column":20},"end":{"line":225,"column":92}},"type":"cond-expr","locations":[{"start":{"line":225,"column":59},"end":{"line":225,"column":75}},{"start":{"line":225,"column":78},"end":{"line":225,"column":92}}],"line":225},"40":{"loc":{"start":{"line":226,"column":8},"end":{"line":226,"column":49}},"type":"if","locations":[{"start":{"line":226,"column":8},"end":{"line":226,"column":49}},{"start":{},"end":{}}],"line":226},"41":{"loc":{"start":{"line":226,"column":12},"end":{"line":226,"column":38}},"type":"binary-expr","locations":[{"start":{"line":226,"column":12},"end":{"line":226,"column":23}},{"start":{"line":226,"column":27},"end":{"line":226,"column":38}}],"line":226},"42":{"loc":{"start":{"line":231,"column":8},"end":{"line":237,"column":9}},"type":"if","locations":[{"start":{"line":231,"column":8},"end":{"line":237,"column":9}},{"start":{},"end":{}}],"line":231},"43":{"loc":{"start":{"line":232,"column":10},"end":{"line":234,"column":80}},"type":"binary-expr","locations":[{"start":{"line":232,"column":10},"end":{"line":232,"column":15}},{"start":{"line":233,"column":10},"end":{"line":233,"column":46}},{"start":{"line":234,"column":11},"end":{"line":234,"column":49}},{"start":{"line":234,"column":53},"end":{"line":234,"column":79}}],"line":232},"44":{"loc":{"start":{"line":239,"column":6},"end":{"line":244,"column":7}},"type":"if","locations":[{"start":{"line":239,"column":6},"end":{"line":244,"column":7}},{"start":{},"end":{}}],"line":239},"45":{"loc":{"start":{"line":278,"column":10},"end":{"line":283,"column":14}},"type":"cond-expr","locations":[{"start":{"line":278,"column":25},"end":{"line":283,"column":9}},{"start":{"line":283,"column":12},"end":{"line":283,"column":14}}],"line":278},"46":{"loc":{"start":{"line":284,"column":10},"end":{"line":290,"column":14}},"type":"cond-expr","locations":[{"start":{"line":284,"column":24},"end":{"line":290,"column":9}},{"start":{"line":290,"column":12},"end":{"line":290,"column":14}}],"line":284},"47":{"loc":{"start":{"line":292,"column":10},"end":{"line":301,"column":14}},"type":"cond-expr","locations":[{"start":{"line":292,"column":15},"end":{"line":301,"column":9}},{"start":{"line":301,"column":12},"end":{"line":301,"column":14}}],"line":292},"48":{"loc":{"start":{"line":295,"column":113},"end":{"line":295,"column":162}},"type":"cond-expr","locations":[{"start":{"line":295,"column":136},"end":{"line":295,"column":157}},{"start":{"line":295,"column":160},"end":{"line":295,"column":162}}],"line":295},"49":{"loc":{"start":{"line":317,"column":24},"end":{"line":317,"column":119}},"type":"cond-expr","locations":[{"start":{"line":317,"column":38},"end":{"line":317,"column":114}},{"start":{"line":317,"column":117},"end":{"line":317,"column":119}}],"line":317},"50":{"loc":{"start":{"line":318,"column":20},"end":{"line":320,"column":58}},"type":"cond-expr","locations":[{"start":{"line":319,"column":8},"end":{"line":319,"column":86}},{"start":{"line":320,"column":8},"end":{"line":320,"column":58}}],"line":318},"51":{"loc":{"start":{"line":321,"column":21},"end":{"line":323,"column":88}},"type":"cond-expr","locations":[{"start":{"line":322,"column":8},"en
[...]
0,"column":21},"end":{"line":80,"column":22}},"loc":{"start":{"line":80,"column":35},"end":{"line":120,"column":11}},"line":80},"6":{"name":"(anonymous_6)","decl":{"start":{"line":88,"column":27},"end":{"line":88,"column":28}},"loc":{"start":{"line":88,"column":33},"end":{"line":88,"column":45}},"line":88}},"branchMap":{"0":{"loc":{"start":{"line":10,"column":17},"end":{"line":10,"column":56}},"type":"binary-expr","locations":[{"start":{"line":10,"column":18},"end":{"line":10,"column":28}},{"start":{"line":10,"column":32},"end":{"line":10,"column":49}},{"start":{"line":10,"column":54},"end":{"line":10,"column":56}}],"line":10},"1":{"loc":{"start":{"line":11,"column":19},"end":{"line":11,"column":37}},"type":"binary-expr","locations":[{"start":{"line":11,"column":19},"end":{"line":11,"column":32}},{"start":{"line":11,"column":36},"end":{"line":11,"column":37}}],"line":11},"2":{"loc":{"start":{"line":82,"column":32},"end":{"line":82,"column":63}},"type":"cond-expr","locations":[{"start":{"line":82,"column":50},"end":{"line":82,"column":55}},{"start":{"line":82,"column":58},"end":{"line":82,"column":63}}],"line":82},"3":{"loc":{"start":{"line":92,"column":20},"end":{"line":92,"column":66}},"type":"cond-expr","locations":[{"start":{"line":92,"column":31},"end":{"line":92,"column":48}},{"start":{"line":92,"column":51},"end":{"line":92,"column":66}}],"line":92},"4":{"loc":{"start":{"line":95,"column":19},"end":{"line":99,"column":19}},"type":"cond-expr","locations":[{"start":{"line":96,"column":20},"end":{"line":96,"column":67}},{"start":{"line":98,"column":20},"end":{"line":98,"column":68}}],"line":95},"5":{"loc":{"start":{"line":101,"column":17},"end":{"line":117,"column":24}},"type":"cond-expr","locations":[{"start":{"line":102,"column":18},"end":{"line":116,"column":20}},{"start":{"line":117,"column":20},"end":{"line":117,"column":24}}],"line":101},"6":{"loc":{"start":{"line":111,"column":37},"end":{"line":111,"column":63}},"type":"cond-expr","locations":[{"start":{"line":111,"column":55},"end":{"line":111,"column":57}},{"start":{"line":111,"column":60},"end":{"line":111,"column":63}}],"line":111},"7":{"loc":{"start":{"line":139,"column":16},"end":{"line":139,"column":45}},"type":"cond-expr","locations":[{"start":{"line":139,"column":40},"end":{"line":139,"column":41}},{"start":{"line":139,"column":44},"end":{"line":139,"column":45}}],"line":139}},"s":{"0":3,"1":3,"2":3,"3":3,"4":0,"5":0,"6":3,"7":2,"8":2,"9":2,"10":3,"11":1,"12":3,"13":3,"14":3,"15":3,"16":15,"17":3,"18":3,"19":15,"20":15,"21":15,"22":1,"23":1},"f":{"0":3,"1":0,"2":2,"3":1,"4":3,"5":15,"6":1},"b":{"0":[3,3,0],"1":[3,0],"2":[9,6],"3":[3,12],"4":[3,12],"5":[12,3],"6":[6,6],"7":[1,0]},"_coverageSchema":"1a1c01bbd47fc00a2c39e90264f33305004495a9","hash":"4ab67a542905a0ff90341104592515df8673c5c1"}
,"C:\\Users\\Yangu\\Documents\\GitHub\\FinalProject2025\\screens\\OfficialUpdates.js": {"path":"C:\\Users\\Yangu\\Documents\\GitHub\\FinalProject2025\\screens\\OfficialUpdates.js","statementMap":{"0":{"start":{"line":8,"column":21},"end":{"line":8,"column":36}},"1":{"start":{"line":13,"column":4},"end":{"line":16,"column":9}},"2":{"start":{"line":19,"column":27},"end":{"line":49,"column":32}},"3":{"start":{"line":20,"column":4},"end":{"line":36,"column":11}},"4":{"start":{"line":21,"column":6},"end":{"line":21,"column":40}},"5":{"start":{"line":21,"column":33},"end":{"line":21,"column":40}},"6":{"start":{"line":22,"column":6},"end":{"line":22,"column":43}},"7":{"start":{"line":22,"column":36},"end":{"line":22,"column":43}},"8":{"start":{"line":23,"column":19},"end":{"line":23,"column":65}},"9":{"start":{"line":24,"column":6},"end":{"line":28,"column":7}},"10":{"start":{"line":25,"column":19},"end":{"line":25,"column":56}},"11":{"start":{"line":26,"column":8},"end":{"line":26,"column":50}},"12":{"start":{"line":27,"column":8},"end":{"line":27,"column":29}},"13":{"start":{"line":29,"column":6},"end":{"line":35,"column":7}},"14":{"start":{"line":30,"column":18},"end":{"line":30,"column":50}},"15":{"start":{"line":31,"column":8},"end":{"line":31,"column":32}},"16":{"start":{"line":32,"column":8},"end":{"line":32,"column":23}},"17":{"start":{"line":33,"column":8},"end":{"line":33,"column":52}},"18":{"start":{"line":34,"column":8},"end":{"line":34,"column":37}},"19":{"start":{"line":38,"column":4},"end":{"line":40,"column":5}},"20":{"start":{"line":39,"column":6},"end":{"line":39,"column":86}},"21":{"start":{"line":41,"column":4},"end":{"line":43,"column":5}},"22":{"start":{"line":42,"column":6},"end":{"line":42,"column":108}},"23":{"start":{"line":44,"column":4},"end":{"line":48,"column":6}},"24":{"start":{"line":51,"column":20},"end":{"line":81,"column":32}},"25":{"start":{"line":52,"column":4},"end":{"line":68,"column":11}},"26":{"start":{"line":53,"column":6},"end":{"line":53,"column":40}},"27":{"start":{"line":53,"column":33},"end":{"line":53,"column":40}},"28":{"start":{"line":54,"column":6},"end":{"line":54,"column":43}},"29":{"start":{"line":54,"column":36},"end":{"line":54,"column":43}},"30":{"start":{"line":55,"column":19},"end":{"line":55,"column":62}},"31":{"start":{"line":56,"column":6},"end":{"line":60,"column":7}},"32":{"start":{"line":57,"column":19},"end":{"line":57,"column":56}},"33":{"start":{"line":58,"column":8},"end":{"line":58,"column":50}},"34":{"start":{"line":59,"column":8},"end":{"line":59,"column":29}},"35":{"start":{"line":61,"column":6},"end":{"line":67,"column":7}},"36":{"start":{"line":62,"column":18},"end":{"line":62,"column":50}},"37":{"start":{"line":63,"column":8},"end":{"line":63,"column":32}},"38":{"start":{"line":64,"column":8},"end":{"line":64,"column":23}},"39":{"start":{"line":65,"column":8},"end":{"line":65,"column":52}},"40":{"start":{"line":66,"column":8},"end":{"line":66,"column":37}},"41":{"start":{"line":70,"column":4},"end":{"line":72,"column":5}},"42":{"start":{"line":71,"column":6},"end":{"line":71,"column":82}},"43":{"start":{"line":73,"column":4},"end":{"line":75,"column":5}},"44":{"start":{"line":74,"column":6},"end":{"line":74,"column":104}},"45":{"start":{"line":76,"column":4},"end":{"line":80,"column":6}},"46":{"start":{"line":83,"column":2},"end":{"line":97,"column":4}},"47":{"start":{"line":87,"column":36},"end":{"line":87,"column":55}},"48":{"start":{"line":100,"column":15},"end":{"line":122,"column":2}}},"fnMap":{"0":{"name":"OfficialUpdates","decl":{"start":{"line":7,"column":24},"end":{"line":7,"column":39}},"loc":{"start":{"line":7,"column":42},"end":{"line":98,"column":1}},"line":7},"1":{"name":"(anonymous_1)","decl":{"start":{"line":19,"column":45},"end":{"line":19,"column":46}},"loc":{"start":{"line":19,"column":51},"end":{"line":49,"column":3}},"line":19},"2":{"name":"(anonymous_2)","decl":{"start":{"line":20,"column":20},"end":{"line":20,"column":21}},"loc":{"start":{"line":20,"column":26},"end":{"line":36,"column":5}},"line":20},"3":{"name":"(anonymous_3)","decl":{"start":{"line":51,"column":38},"end":{"line":51,"column":39}},"loc":{"start":{"line":51,"column":44},"end":{"line":81,"column":3}},"line":51},"4":{"name":"(anonymous_4)","decl":{"start":{"line":52,"column":20},"end":{"line":52,"column":21}},"loc":{"start":{"line":52,"column":26},"end":{"line":68,"column":5}},"line":52},"5":{"name":"(anonymous_5)","decl":{"start":{"line":87,"column":30},"end":{"line":87,"column":31}},"loc":{"start":{"line":87,"column":36},"end":{"line":87,"column":55}},"line":87}},"branchMap":{"0":{"loc":{"start":{"line":13,"column":4},"end":{"line":16,"column":9}},"type":"binary-expr","locations":[{"start":{"line":13,"column":5},"end":{"line":13,"column":35}},{"start":{"line":14,"column":6},"end":{"line":14,"column":17}},{"start":{"line":15,"column":6},"end":{"line":15,"column":65}},{"start":{"line":16,"column":4},"end":{"line":16,"column":9}}],"line":13},"1":{"loc":{"start":{"line":21,"column":6},"end":{"line":21,"column":40}},"type":"if","locations":[{"start":{"line":21,"column":6},"end":{"line":21,"column":40}},{"start":{},"end":{}}],"line":21},"2":{"loc":{"start":{"line":22,"column":6},"end":{"line":22,"column":43}},"type":"if","locations":[{"start":{"line":22,"column":6},"end":{"line":22,"column":43}},{"start":{},"end":{}}],"line":22},"3":{"loc":{"start":{"line":24,"column":6},"end":{"line":28,"column":7}},"type":"if","locations":[{"start":{"line":24,"column":6},"end":{"line":28,"column":7}},{"start":{},"end":{}}],"line":24},"4":{"loc":{"start":{"line":24,"column":10},"end":{"line":24,"column":52}},"type":"binary-expr","locations":[{"start":{"line":24,"column":10},"end":{"line":24,"column":14}},{"start":{"line":24,"column":18},"end":{"line":24,"column":52}}],"line":24},"5":{"loc":{"start":{"line":29,"column":6},"end":{"line":35,"column":7}},"type":"if","locations":[{"start":{"line":29,"column":6},"end":{"line":35,"column":7}},{"start":{},"end":{}}],"line":29},"6":{"loc":{"start":{"line":38,"column":4},"end":{"line":40,"column":5}},"type":"if","locations":[{"start":{"line":38,"column":4},"end":{"line":40,"column":5}},{"start":{},"end":{}}],"line":38},"7":{"loc":{"start":{"line":41,"column":4},"end":{"line":43,"column":5}},"type":"if","locations":[{"start":{"line":41,"column":4},"end":{"line":43,"column":5}},{"start":{},"end":{}}],"line":41},"8":{"loc":{"start":{"line":53,"column":6},"end":{"line":53,"column":40}},"type":"if","locations":[{"start":{"line":53,"column":6},"end":{"line":53,"column":40}},{"start":{},"end":{}}],"line":53},"9":{"loc":{"start":{"line":54,"column":6},"end":{"line":54,"column":43}},"type":"if","locations":[{"start":{"line":54,"column":6},"end":{"line":54,"column":43}},{"start":{},"end":{}}],"line":54},"10":{"loc":{"start":{"line":56,"column":6},"end":{"line":60,"column":7}},"type":"if","locations":[{"start":{"line":56,"column":6},"end":{"line":60,"column":7}},{"start":{},"end":{}}],"line":56},"11":{"loc":{"start":{"line":56,"column":10},"end":{"line":56,"column":52}},"type":"binary-expr","locations":[{"start":{"line":56,"column":10},"end":{"line":56,"column":14}},{"start":{"line":56,"column":18},"end":{"line":56,"column":52}}],"line":56},"12":{"loc":{"start":{"line":61,"column":6},"end":{"line":67,"column":7}},"type":"if","locations":[{"start":{"line":61,"column":6},"end":{"line":67,"column":7}},{"start":{},"end":{}}],"line":61},"13":{"loc":{"start":{"line":70,"column":4},"end":{"line":72,"column":5}},"type":"if","locations":[{"start":{"line":70,"column":4},"end":{"line":72,"column":5}},{"start":{},"end":{}}],"line":70},"14":{"loc":{"start":{"line":73,"column":4},"end":{"line":75,"column":5}},"type":"if","locations":[{"start":{"line":73,"column":4},"end":{"line":75,"column":5}},{"start":{},"end":{}}],"line":73}},"s":{"0":1,"1":1,"2":1,"3":1,"4":1,"5":0,"6":1,"7":0,"8":1,"9":1,"10":1,"11":1,"12":1,"13":1,"14":1,"15":1,"16":1,"17":1,"18":1,"19":1,"20":0,"21":1,"22":0,"23":1,"24":1,"25":1,"26":1,"27":0,"28":1,"29":0,"30":1,"31":1,"32":1,"33":1,"34":1,"35":1,"36":1,"37":1,"38":1,"39":1,"40":1,"41":1,"42":0,"43":1,"44":0,"45":1,"46":1,"47":0,"48":1},"f":{"0":1,"1":1,"2":1,"3":1,"4":1,"5":0},"b":{"0":[1,1,1,1],"1":[0,1],"2":[0,1],"3":[1,0],"4":[1,1],"5":[1,0],"6":[0,1],"7":[0,1],"8":[0,1],"9":[0,1],"10":[1,0],"11":[1,1],"12":[1,0],"13":[0,1],"14":[0,1]},"_coverageSchema":"1a1c01bbd47fc00a2c39e90264f33305004495a9","hash":"dbed87a1127fbb2823e2f29678f546b6e40e6111"}
,"C:\\Users\\Yangu\\Documents\\GitHub\\FinalProject2025\\screens\\PreparationScreen.js": {"path":"C:\\Users\\Yangu\\Documents\\GitHub\\FinalProject2025\\screens\\PreparationScreen.js","statementMap":{"0":{"start":{"line":8,"column":21},"end":{"line":8,"column":36}},"1":{"start":{"line":10,"column":16},"end":{"line":16,"column":3}},"2":{"start":{"line":18,"column":2},"end":{"line":41,"column":4}},"3":{"start":{"line":22,"column":36},"end":{"line":22,"column":55}},"4":{"start":{"line":28,"column":12},"end":{"line":35,"column":19}},"5":{"start":{"line":44,"column":15},"end":{"line":67,"column":2}}},"fnMap":{"0":{"name":"PreparationScreen","decl":{"start":{"line":7,"column":24},"end":{"line":7,"column":41}},"loc":{"start":{"line":7,"column":44},"end":{"line":42,"column":1}},"line":7},"1":{"name":"(anonymous_1)","decl":{"start":{"line":22,"column":30},"end":{"line":22,"column":31}},"loc":{"start":{"line":22,"column":36},"end":{"line":22,"column":55}},"line":22},"2":{"name":"(anonymous_2)","decl":{"start":{"line":27,"column":21},"end":{"line":27,"column":22}},"loc":{"start":{"line":28,"column":12},"end":{"line":35,"column":19}},"line":28},"3":{"name":"(anonymous_3)","decl":{"start":{"line":31,"column":25},"end":{"line":31,"column":26}},"loc":{"start":{"line":31,"column":31},"end":{"line":31,"column":33}},"line":31}},"branchMap":{},"s":{"0":1,"1":1,"2":1,"3":0,"4":5,"5":1},"f":{"0":1,"1":0,"2":5,"3":0},"b":{},"_coverageSchema":"1a1c01bbd47fc00a2c39e90264f33305004495a9","hash":"83000ce9db52f7a42754d1a7fc69f7f5dd228b79"}
,"C:\\Users\\Yangu\\Documents\\GitHub\\FinalProject2025\\screens\\ShelterMapScreen.js": {"path":"C:\\Users\\Yangu\\Documents\\GitHub\\FinalProject2025\\screens\\ShelterMapScreen.js","statementMap":{"0":{"start":{"line":9,"column":21},"end":{"line":9,"column":36}},"1":{"start":{"line":11,"column":30},"end":{"line":11,"column":76}},"2":{"start":{"line":12,"column":32},"end":{"line":12,"column":53}},"3":{"start":{"line":14,"column":4},"end":{"line":14,"column":141}},"4":{"start":{"line":16,"column":17},"end":{"line":29,"column":8}},"5":{"start":{"line":17,"column":4},"end":{"line":28,"column":5}},"6":{"start":{"line":18,"column":6},"end":{"line":27,"column":9}},"7":{"start":{"line":19,"column":8},"end":{"line":26,"column":10}},"8":{"start":{"line":21,"column":12},"end":{"line":21,"column":79}},"9":{"start":{"line":22,"column":12},"end":{"line":22,"column":22}},"10":{"start":{"line":24,"column":16},"end":{"line":24,"column":25}},"11":{"start":{"line":31,"column":2},"end":{"line":33,"column":15}},"12":{"start":{"line":32,"column":4},"end":{"line":32,"column":13}},"13":{"start":{"line":35,"column":21},"end":{"line":87,"column":26}},"14":{"start":{"line":36,"column":14},"end":{"line":36,"column":20}},"15":{"start":{"line":37,"column":17},"end":{"line":85,"column":8}},"16":{"start":{"line":86,"column":4},"end":{"line":86,"column":16}},"17":{"start":{"line":88,"column":2},"end":{"line":125,"column":4}},"18":{"start":{"line":109,"column":34},"end":{"line":109,"column":53}},"19":{"start":{"line":111,"column":10},"end":{"line":116,"column":11}},"20":{"start":{"line":112,"column":12},"end":{"line":112,"column":29}},"21":{"start":{"line":113,"column":12},"end":{"line":113,"column":27}},"22":{"start":{"line":115,"column":12},"end":{"line":115,"column":30}},"23":{"start":{"line":128,"column":15},"end":{"line":173,"column":2}}},"fnMap":{"0":{"name":"ShelterMapScreen","decl":{"start":{"line":8,"column":24},"end":{"line":8,"column":40}},"loc":{"start":{"line":8,"column":43},"end":{"line":126,"column":1}},"line":8},"1":{"name":"(anonymous_1)","decl":{"start":{"line":16,"column":35},"end":{"line":16,"column":36}},"loc":{"start":{"line":16,"column":47},"end":{"line":29,"column":3}},"line":16},"2":{"name":"(anonymous_2)","decl":{"start":{"line":18,"column":24},"end":{"line":18,"column":25}},"loc":{"start":{"line":18,"column":37},"end":{"line":27,"column":7}},"line":18},"3":{"name":"(anonymous_3)","decl":{"start":{"line":20,"column":10},"end":{"line":20,"column":11}},"loc":{"start":{"line":20,"column":19},"end":{"line":23,"column":11}},"line":20},"4":{"name":"(anonymous_4)","decl":{"start":{"line":24,"column":10},"end":{"line":24,"column":11}},"loc":{"start":{"line":24,"column":16},"end":{"line":24,"column":25}},"line":24},"5":{"name":"(anonymous_5)","decl":{"start":{"line":31,"column":18},"end":{"line":31,"column":19}},"loc":{"start":{"line":31,"column":24},"end":{"line":33,"column":3}},"line":31},"6":{"name":"(anonymous_6)","decl":{"start":{"line":35,"column":35},"end":{"line":35,"column":36}},"loc":{"start":{"line":35,"column":41},"end":{"line":87,"column":3}},"line":35},"7":{"name":"(anonymous_7)","decl":{"start":{"line":109,"column":28},"end":{"line":109,"column":29}},"loc":{"start":{"line":109,"column":34},"end":{"line":109,"column":53}},"line":109},"8":{"name":"(anonymous_8)","decl":{"start":{"line":110,"column":92},"end":{"line":110,"column":93}},"loc":{"start":{"line":110,"column":104},"end":{"line":117,"column":9}},"line":110}},"branchMap":{"0":{"loc":{"start":{"line":14,"column":4},"end":{"line":14,"column":141}},"type":"binary-expr","locations":[{"start":{"line":14,"column":5},"end":{"line":14,"column":35}},{"start":{"line":14,"column":39},"end":{"line":14,"column":50}},{"start":{"line":14,"column":55},"end":{"line":14,"column":98}},{"start":{"line":14,"column":102},"end":{"line":14,"column":133}},{"start":{"line":14,"column":139},"end":{"line":14,"column":141}}],"line":14},"1":{"loc":{"start":{"line":17,"column":4},"end":{"line":28,"column":5}},"type":"if","locations":[{"start":{"line":17,"column":4},"end":{"line":28,"column":5}},{"start":{},"end":{}}],"line":17},"2":{"loc":{"start":{"line":17,"column":8},"end":{"line":17,"column":90}},"type":"binary-expr","locations":[{"start":{"line":17,"column":8},"end":{"line":17,"column":29}},{"start":{"line":17,"column":33},"end":{"line":17,"column":65}},{"start":{"line":17,"column":69},"end":{"line":17,"column":90}}],"line":17},"3":{"loc":{"start":{"line":91,"column":9},"end":{"line":104,"column":9}},"type":"cond-expr","locations":[{"start":{"line":92,"column":10},"end":{"line":99,"column":12}},{"start":{"line":101,"column":10},"end":{"line":103,"column":17}}],"line":91},"4":{"loc":{"start":{"line":110,"column":28},"end":{"line":110,"column":81}},"type":"cond-expr","locations":[{"start":{"line":110,"column":38},"end":{"line":110,"column":51}},{"start":{"line":110,"column":54},"end":{"line":110,"column":81}}],"line":110}},"s":{"0":4,"1":3,"2":3,"3":3,"4":3,"5":2,"6":2,"7":2,"8":2,"9":2,"10":0,"11":3,"12":1,"13":3,"14":3,"15":3,"16":3,"17":3,"18":0,"19":1,"20":1,"21":1,"22":1,"23":1},"f":{"0":4,"1":2,"2":2,"3":2,"4":0,"5":1,"6":3,"7":0,"8":1},"b":{"0":[3,3,3,3,3],"1":[2,0],"2":[2,2,2],"3":[3,0],"4":[1,2]},"_coverageSchema":"1a1c01bbd47fc00a2c39e90264f33305004495a9","hash":"dad15b5b414da3a1e51e2418e724f93902530e4d"}
,"C:\\Users\\Yangu\\Documents\\GitHub\\FinalProject2025\\screens\\WelcomeScreen.js": {"path":"C:\\Users\\Yangu\\Documents\\GitHub\\FinalProject2025\\screens\\WelcomeScreen.js","statementMap":{"0":{"start":{"line":8,"column":21},"end":{"line":8,"column":36}},"1":{"start":{"line":9,"column":33},"end":{"line":9,"column":46}},"2":{"start":{"line":10,"column":46},"end":{"line":10,"column":66}},"3":{"start":{"line":11,"column":2},"end":{"line":73,"column":4}},"4":{"start":{"line":18,"column":32},"end":{"line":18,"column":56}},"5":{"start":{"line":35,"column":31},"end":{"line":35,"column":55}},"6":{"start":{"line":63,"column":12},"end":{"line":63,"column":20}},"7":{"start":{"line":64,"column":12},"end":{"line":64,"column":29}},"8":{"start":{"line":65,"column":12},"end":{"line":65,"column":50}},"9":{"start":{"line":76,"column":15},"end":{"line":118,"column":2}}},"fnMap":{"0":{"name":"WelcomeScreen","decl":{"start":{"line":7,"column":24},"end":{"line":7,"column":37}},"loc":{"start":{"line":7,"column":40},"end":{"line":74,"column":1}},"line":7},"1":{"name":"(anonymous_1)","decl":{"start":{"line":18,"column":26},"end":{"line":18,"column":27}},"loc":{"start":{"line":18,"column":32},"end":{"line":18,"column":56}},"line":18},"2":{"name":"(anonymous_2)","decl":{"start":{"line":35,"column":25},"end":{"line":35,"column":26}},"loc":{"start":{"line":35,"column":31},"end":{"line":35,"column":55}},"line":35},"3":{"name":"(anonymous_3)","decl":{"start":{"line":62,"column":19},"end":{"line":62,"column":20}},"loc":{"start":{"line":62,"column":25},"end":{"line":66,"column":11}},"line":62}},"branchMap":{},"s":{"0":2,"1":2,"2":2,"3":2,"4":0,"5":0,"6":0,"7":0,"8":0,"9":1},"f":{"0":2,"1":0,"2":0,"3":0},"b":{},"_coverageSchema":"1a1c01bbd47fc00a2c39e90264f33305004495a9","hash":"274f1ba5cdff00304f93645fe7ad23e8b9fc4f33"}
}
