TN:
SF:App.js
FN:21,App
FN:29,(anonymous_1)
FN:48,(anonymous_2)
FNF:3
FNH:0
FNDA:0,App
FNDA:0,(anonymous_1)
FNDA:0,(anonymous_2)
DA:19,0
DA:22,0
DA:25,0
DA:26,0
DA:27,0
DA:29,0
DA:30,0
DA:31,0
DA:32,0
DA:33,0
DA:35,0
DA:38,0
DA:39,0
DA:42,0
DA:49,0
DA:50,0
LF:16
LH:0
BRDA:30,0,0,0
BRDA:30,0,1,0
BRDA:33,1,0,0
BRDA:33,1,1,0
BRDA:38,2,0,0
BRDA:38,2,1,0
BRDA:45,3,0,0
BRDA:45,3,1,0
BRDA:49,4,0,0
BRDA:49,4,1,0
BRF:10
BRH:0
end_of_record
TN:
SF:UI\arrow-back.js
FN:12,ArrowBack
FNF:1
FNH:1
FNDA:8,ArrowBack
DA:13,8
DA:20,6
LF:2
LH:2
BRDA:12,0,0,8
BRDA:12,1,0,8
BRF:2
BRH:2
end_of_record
TN:
SF:UI\button-long.js
FN:12,ButtonLong
FN:17,(anonymous_1)
FNF:2
FNH:2
FNDA:7,ButtonLong
FNDA:7,(anonymous_1)
DA:13,7
DA:17,7
DA:28,3
LF:3
LH:3
BRDA:19,0,0,0
BRDA:19,0,1,7
BRF:2
BRH:1
end_of_record
TN:
SF:UI\button-short.js
FN:12,ButtonShort
FN:17,(anonymous_1)
FNF:2
FNH:2
FNDA:12,ButtonShort
FNDA:12,(anonymous_1)
DA:13,12
DA:17,12
DA:28,6
LF:3
LH:3
BRDA:19,0,0,0
BRDA:19,0,1,12
BRF:2
BRH:1
end_of_record
TN:
SF:UI\connection-banner.js
FN:5,ConnectionBanner
FNF:1
FNH:1
FNDA:1,ConnectionBanner
DA:6,1
DA:7,1
DA:8,1
DA:15,1
LF:4
LH:4
BRDA:7,0,0,0
BRDA:7,0,1,1
BRF:2
BRH:1
end_of_record
TN:
SF:UI\progress-bar.js
FN:11,ProgressBar
FNF:1
FNH:1
FNDA:3,ProgressBar
DA:12,3
DA:13,3
DA:26,2
LF:3
LH:3
BRDA:11,0,0,0
BRDA:11,1,0,0
BRF:2
BRH:0
end_of_record
TN:
SF:UI\select-long.js
FN:11,SelectLong
FN:16,(anonymous_1)
FNF:2
FNH:2
FNDA:15,SelectLong
FNDA:15,(anonymous_1)
DA:12,15
DA:16,15
DA:28,2
LF:3
LH:3
BRDA:11,0,0,0
BRDA:18,1,0,2
BRDA:18,1,1,13
BRDA:19,2,0,0
BRDA:19,2,1,15
BRDA:20,3,0,2
BRDA:20,3,1,13
BRDA:23,4,0,15
BRDA:23,4,1,2
BRF:9
BRH:7
end_of_record
TN:
SF:UI\signal-indicator.js
FN:11,SignalIndicator
FNF:1
FNH:1
FNDA:2,SignalIndicator
DA:12,2
DA:13,2
DA:14,2
DA:15,2
DA:23,2
LF:5
LH:5
BRDA:11,0,0,1
BRDA:11,1,0,1
BRDA:13,2,0,2
BRDA:13,2,1,0
BRDA:14,3,0,2
BRDA:14,3,1,1
BRDA:18,4,0,2
BRDA:18,4,1,0
BRF:8
BRH:6
end_of_record
TN:
SF:UI\status-card.js
FN:13,StatusCard
FNF:1
FNH:1
FNDA:6,StatusCard
DA:14,6
DA:15,6
DA:28,3
LF:3
LH:3
BRDA:13,0,0,6
BRDA:13,1,0,5
BRDA:18,2,0,1
BRDA:18,2,1,5
BRDA:19,3,0,0
BRDA:19,3,1,6
BRDA:21,4,0,6
BRDA:21,4,1,0
BRDA:21,5,0,6
BRDA:21,5,1,0
BRDA:22,6,0,3
BRDA:22,6,1,3
BRDA:22,7,0,3
BRDA:22,7,1,0
BRDA:23,8,0,4
BRDA:23,8,1,2
BRF:16
BRH:12
end_of_record
TN:
SF:context\NetworkContext.js
FN:9,measurePing
FN:11,(anonymous_1)
FN:33,classifyStrength
FN:47,NetworkProvider
FN:51,(anonymous_4)
FN:52,(anonymous_5)
FN:55,(anonymous_6)
FN:58,(anonymous_7)
FN:61,(anonymous_8)
FN:67,(anonymous_9)
FN:75,(anonymous_10)
FN:79,useNetwork
FNF:12
FNH:1
FNDA:0,measurePing
FNDA:0,(anonymous_1)
FNDA:0,classifyStrength
FNDA:0,NetworkProvider
FNDA:0,(anonymous_4)
FNDA:0,(anonymous_5)
FNDA:0,(anonymous_6)
FNDA:0,(anonymous_7)
FNDA:0,(anonymous_8)
FNDA:0,(anonymous_9)
FNDA:0,(anonymous_10)
FNDA:1,useNetwork
DA:5,1
DA:6,1
DA:7,1
DA:10,0
DA:11,0
DA:12,0
DA:13,0
DA:14,0
DA:21,0
DA:24,0
DA:25,0
DA:26,0
DA:28,0
DA:29,0
DA:34,0
DA:35,0
DA:36,0
DA:37,0
DA:38,0
DA:41,1
DA:48,0
DA:49,0
DA:51,0
DA:52,0
DA:53,0
DA:55,0
DA:58,0
DA:59,0
DA:61,0
DA:62,0
DA:63,0
DA:65,0
DA:66,0
DA:67,0
DA:68,0
DA:69,0
DA:73,0
DA:75,0
DA:76,0
DA:80,1
LF:40
LH:5
BRDA:19,0,0,0
BRDA:19,0,1,0
BRDA:21,1,0,0
BRDA:21,1,1,0
BRDA:21,2,0,0
BRDA:21,2,1,0
BRDA:34,3,0,0
BRDA:34,3,1,0
BRDA:35,4,0,0
BRDA:35,4,1,0
BRDA:36,5,0,0
BRDA:36,5,1,0
BRDA:37,6,0,0
BRDA:37,6,1,0
BRDA:53,7,0,0
BRDA:53,7,1,0
BRDA:55,8,0,0
BRDA:55,8,1,0
BRDA:63,9,0,0
BRDA:63,9,1,0
BRF:20
BRH:0
end_of_record
TN:
SF:context\ProgressContext.js
FN:5,(anonymous_0)
FN:6,(anonymous_1)
FN:7,(anonymous_2)
FN:8,(anonymous_3)
FN:11,ProgressProvider
FN:14,(anonymous_5)
FN:19,(anonymous_6)
FN:20,(anonymous_7)
FN:23,(anonymous_8)
FN:24,(anonymous_9)
FN:27,(anonymous_10)
FN:30,(anonymous_11)
FN:37,useProgress
FNF:13
FNH:3
FNDA:0,(anonymous_0)
FNDA:0,(anonymous_1)
FNDA:0,(anonymous_2)
FNDA:0,(anonymous_3)
FNDA:11,ProgressProvider
FNDA:0,(anonymous_5)
FNDA:0,(anonymous_6)
FNDA:0,(anonymous_7)
FNDA:0,(anonymous_8)
FNDA:0,(anonymous_9)
FNDA:0,(anonymous_10)
FNDA:11,(anonymous_11)
FNDA:4,useProgress
DA:3,11
DA:12,11
DA:14,11
DA:15,0
DA:16,0
DA:19,11
DA:20,0
DA:23,11
DA:24,0
DA:27,11
DA:29,11
DA:30,11
DA:34,11
DA:38,4
LF:14
LH:10
BRDA:15,0,0,0
BRDA:15,0,1,0
BRDA:20,1,0,0
BRDA:20,1,1,0
BRDA:24,2,0,0
BRDA:24,2,1,0
BRF:6
BRH:0
end_of_record
TN:
SF:screens\ElevationMapScreen.js
FN:8,ElevationMapScreen
FN:22,(anonymous_1)
FN:27,(anonymous_2)
FN:32,(anonymous_3)
FN:33,(anonymous_4)
FN:40,(anonymous_5)
FN:55,(anonymous_6)
FN:56,(anonymous_7)
FN:81,(anonymous_8)
FN:88,(anonymous_9)
FN:94,(anonymous_10)
FN:95,(anonymous_11)
FN:118,(anonymous_12)
FN:136,(anonymous_13)
FN:140,(anonymous_14)
FN:142,(anonymous_15)
FN:149,(anonymous_16)
FN:178,(anonymous_17)
FN:183,(anonymous_18)
FN:187,(anonymous_19)
FN:188,(anonymous_20)
FN:192,(anonymous_21)
FN:253,(anonymous_22)
FN:310,(anonymous_23)
FN:315,(anonymous_24)
FN:328,(anonymous_25)
FN:360,(anonymous_26)
FNF:27
FNH:0
FNDA:0,ElevationMapScreen
FNDA:0,(anonymous_1)
FNDA:0,(anonymous_2)
FNDA:0,(anonymous_3)
FNDA:0,(anonymous_4)
FNDA:0,(anonymous_5)
FNDA:0,(anonymous_6)
FNDA:0,(anonymous_7)
FNDA:0,(anonymous_8)
FNDA:0,(anonymous_9)
FNDA:0,(anonymous_10)
FNDA:0,(anonymous_11)
FNDA:0,(anonymous_12)
FNDA:0,(anonymous_13)
FNDA:0,(anonymous_14)
FNDA:0,(anonymous_15)
FNDA:0,(anonymous_16)
FNDA:0,(anonymous_17)
FNDA:0,(anonymous_18)
FNDA:0,(anonymous_19)
FNDA:0,(anonymous_20)
FNDA:0,(anonymous_21)
FNDA:0,(anonymous_22)
FNDA:0,(anonymous_23)
FNDA:0,(anonymous_24)
FNDA:0,(anonymous_25)
FNDA:0,(anonymous_26)
DA:9,0
DA:10,0
DA:11,0
DA:12,0
DA:13,0
DA:14,0
DA:15,0
DA:18,0
DA:20,0
DA:22,0
DA:23,0
DA:24,0
DA:25,0
DA:26,0
DA:27,0
DA:28,0
DA:29,0
DA:30,0
DA:31,0
DA:32,0
DA:33,0
DA:34,0
DA:36,0
DA:37,0
DA:40,0
DA:41,0
DA:42,0
DA:43,0
DA:44,0
DA:46,0
DA:47,0
DA:48,0
DA:49,0
DA:50,0
DA:51,0
DA:52,0
DA:54,0
DA:55,0
DA:56,0
DA:57,0
DA:58,0
DA:61,0
DA:63,0
DA:64,0
DA:65,0
DA:66,0
DA:67,0
DA:68,0
DA:69,0
DA:71,0
DA:74,0
DA:75,0
DA:77,0
DA:81,0
DA:82,0
DA:83,0
DA:84,0
DA:85,0
DA:86,0
DA:87,0
DA:88,0
DA:89,0
DA:90,0
DA:91,0
DA:92,0
DA:94,0
DA:95,0
DA:96,0
DA:97,0
DA:101,0
DA:102,0
DA:112,0
DA:114,0
DA:115,0
DA:116,0
DA:117,0
DA:118,0
DA:119,0
DA:121,0
DA:123,0
DA:124,0
DA:125,0
DA:127,0
DA:129,0
DA:132,0
DA:136,0
DA:137,0
DA:139,0
DA:140,0
DA:141,0
DA:143,0
DA:144,0
DA:145,0
DA:146,0
DA:147,0
DA:150,0
DA:151,0
DA:152,0
DA:159,0
DA:161,0
DA:162,0
DA:163,0
DA:164,0
DA:165,0
DA:166,0
DA:168,0
DA:169,0
DA:170,0
DA:171,0
DA:173,0
DA:174,0
DA:178,0
DA:180,0
DA:183,0
DA:184,0
DA:187,0
DA:188,0
DA:192,0
DA:193,0
DA:194,0
DA:195,0
DA:197,0
DA:198,0
DA:199,0
DA:200,0
DA:201,0
DA:202,0
DA:203,0
DA:204,0
DA:205,0
DA:206,0
DA:207,0
DA:208,0
DA:209,0
DA:212,0
DA:213,0
DA:214,0
DA:215,0
DA:216,0
DA:217,0
DA:220,0
DA:221,0
DA:222,0
DA:223,0
DA:224,0
DA:225,0
DA:226,0
DA:227,0
DA:228,0
DA:229,0
DA:230,0
DA:231,0
DA:236,0
DA:239,0
DA:240,0
DA:241,0
DA:242,0
DA:243,0
DA:245,0
DA:246,0
DA:248,0
DA:253,0
DA:254,0
DA:306,0
DA:310,0
DA:311,0
DA:312,0
DA:315,0
DA:316,0
DA:317,0
DA:318,0
DA:321,0
DA:324,0
DA:325,0
DA:328,0
DA:330,0
DA:331,0
DA:332,0
DA:335,0
DA:336,0
DA:337,0
DA:339,0
DA:360,0
DA:379,1
LF:184
LH:1
BRDA:18,0,0,0
BRDA:18,0,1,0
BRDA:18,0,2,0
BRDA:18,0,3,0
BRDA:18,0,4,0
BRDA:20,1,0,0
BRDA:20,1,1,0
BRDA:20,1,2,0
BRDA:20,1,3,0
BRDA:20,1,4,0
BRDA:23,2,0,0
BRDA:23,2,1,0
BRDA:24,3,0,0
BRDA:24,3,1,0
BRDA:24,4,0,0
BRDA:24,4,1,0
BRDA:24,4,2,0
BRDA:24,4,3,0
BRDA:25,5,0,0
BRDA:25,5,1,0
BRDA:26,6,0,0
BRDA:26,6,1,0
BRDA:26,7,0,0
BRDA:26,7,1,0
BRDA:36,8,0,0
BRDA:36,8,1,0
BRDA:41,9,0,0
BRDA:41,9,1,0
BRDA:49,10,0,0
BRDA:49,10,1,0
BRDA:51,11,0,0
BRDA:51,11,1,0
BRDA:51,12,0,0
BRDA:51,12,1,0
BRDA:51,12,2,0
BRDA:57,13,0,0
BRDA:57,13,1,0
BRDA:57,14,0,0
BRDA:57,14,1,0
BRDA:57,14,2,0
BRDA:58,15,0,0
BRDA:58,15,1,0
BRDA:66,16,0,0
BRDA:66,16,1,0
BRDA:66,17,0,0
BRDA:66,17,1,0
BRDA:66,17,2,0
BRDA:82,18,0,0
BRDA:82,18,1,0
BRDA:82,19,0,0
BRDA:82,19,1,0
BRDA:82,19,2,0
BRDA:84,20,0,0
BRDA:84,20,1,0
BRDA:86,21,0,0
BRDA:86,21,1,0
BRDA:86,22,0,0
BRDA:86,22,1,0
BRDA:86,22,2,0
BRDA:96,23,0,0
BRDA:96,23,1,0
BRDA:96,24,0,0
BRDA:96,24,1,0
BRDA:96,24,2,0
BRDA:97,25,0,0
BRDA:97,25,1,0
BRDA:106,26,0,0
BRDA:106,26,1,0
BRDA:107,27,0,0
BRDA:107,27,1,0
BRDA:124,28,0,0
BRDA:124,28,1,0
BRDA:124,29,0,0
BRDA:124,29,1,0
BRDA:124,29,2,0
BRDA:129,30,0,0
BRDA:129,30,1,0
BRDA:139,31,0,0
BRDA:139,31,1,0
BRDA:139,32,0,0
BRDA:139,32,1,0
BRDA:139,32,2,0
BRDA:163,33,0,0
BRDA:163,33,1,0
BRDA:206,34,0,0
BRDA:206,34,1,0
BRDA:213,35,0,0
BRDA:213,35,1,0
BRDA:223,36,0,0
BRDA:223,36,1,0
BRDA:223,37,0,0
BRDA:223,37,1,0
BRDA:223,37,2,0
BRDA:224,38,0,0
BRDA:224,38,1,0
BRDA:225,39,0,0
BRDA:225,39,1,0
BRDA:226,40,0,0
BRDA:226,40,1,0
BRDA:226,41,0,0
BRDA:226,41,1,0
BRDA:231,42,0,0
BRDA:231,42,1,0
BRDA:232,43,0,0
BRDA:232,43,1,0
BRDA:232,43,2,0
BRDA:232,43,3,0
BRDA:239,44,0,0
BRDA:239,44,1,0
BRDA:278,45,0,0
BRDA:278,45,1,0
BRDA:284,46,0,0
BRDA:284,46,1,0
BRDA:292,47,0,0
BRDA:292,47,1,0
BRDA:295,48,0,0
BRDA:295,48,1,0
BRDA:317,49,0,0
BRDA:317,49,1,0
BRDA:318,50,0,0
BRDA:318,50,1,0
BRDA:321,51,0,0
BRDA:321,51,1,0
BRDA:324,52,0,0
BRDA:324,52,1,0
BRDA:331,53,0,0
BRDA:331,53,1,0
BRDA:332,54,0,0
BRDA:332,54,1,0
BRDA:342,55,0,0
BRDA:342,55,1,0
BRDA:371,56,0,0
BRDA:371,56,1,0
BRDA:371,57,0,0
BRDA:371,57,1,0
BRDA:372,58,0,0
BRDA:372,58,1,0
BRF:137
BRH:0
end_of_record
TN:
SF:screens\HomeScreen.js
FN:9,HomeScreen
FN:15,(anonymous_1)
FN:16,(anonymous_2)
FN:54,(anonymous_3)
FN:58,parseFirstItem
FN:72,formatPubDate
FN:87,load
FN:104,(anonymous_7)
FN:115,(anonymous_8)
FN:126,(anonymous_9)
FN:127,(anonymous_10)
FN:130,(anonymous_11)
FNF:12
FNH:9
FNDA:2,HomeScreen
FNDA:1,(anonymous_1)
FNDA:1,(anonymous_2)
FNDA:1,(anonymous_3)
FNDA:1,parseFirstItem
FNDA:1,formatPubDate
FNDA:1,load
FNDA:1,(anonymous_7)
FNDA:1,(anonymous_8)
FNDA:0,(anonymous_9)
FNDA:0,(anonymous_10)
FNDA:0,(anonymous_11)
DA:10,2
DA:12,1
DA:13,1
DA:15,1
DA:16,1
DA:17,1
DA:19,1
DA:20,1
DA:21,1
DA:22,1
DA:23,1
DA:25,1
DA:26,1
DA:27,1
DA:28,1
DA:29,1
DA:30,1
DA:31,1
DA:35,1
DA:36,1
DA:37,1
DA:38,1
DA:39,1
DA:40,1
DA:44,1
DA:45,0
DA:47,1
DA:54,1
DA:55,1
DA:56,1
DA:59,1
DA:60,1
DA:61,1
DA:64,1
DA:66,1
DA:67,1
DA:68,1
DA:69,1
DA:73,1
DA:74,1
DA:75,1
DA:76,1
DA:77,1
DA:78,1
DA:79,1
DA:80,1
DA:81,1
DA:82,1
DA:83,1
DA:84,1
DA:88,1
DA:89,1
DA:90,1
DA:91,1
DA:92,1
DA:93,1
DA:94,1
DA:96,0
DA:97,0
DA:98,0
DA:102,1
DA:103,1
DA:104,1
DA:105,1
DA:106,1
DA:110,1
DA:115,1
DA:126,0
DA:127,0
DA:130,0
DA:139,1
LF:71
LH:64
BRDA:17,0,0,0
BRDA:17,0,1,1
BRDA:20,1,0,1
BRDA:20,1,1,0
BRDA:25,2,0,1
BRDA:25,2,1,0
BRDA:35,3,0,1
BRDA:35,3,1,0
BRDA:44,4,0,0
BRDA:44,4,1,1
BRDA:60,5,0,0
BRDA:60,5,1,1
BRDA:64,6,0,1
BRDA:64,6,1,0
BRDA:67,7,0,1
BRDA:67,7,1,0
BRDA:67,8,0,1
BRDA:67,8,1,0
BRDA:68,9,0,1
BRDA:68,9,1,0
BRDA:73,10,0,0
BRDA:73,10,1,1
BRDA:75,11,0,0
BRDA:75,11,1,1
BRDA:81,12,0,1
BRDA:81,12,1,0
BRDA:83,13,0,1
BRDA:83,13,1,0
BRDA:92,14,0,0
BRDA:92,14,1,1
BRDA:92,15,0,1
BRDA:92,15,1,1
BRDA:93,16,0,1
BRDA:93,16,1,0
BRDA:96,17,0,0
BRDA:96,17,1,0
BRDA:122,18,0,1
BRDA:122,18,1,1
BRDA:123,19,0,1
BRDA:123,19,1,1
BRF:40
BRH:22
end_of_record
TN:
SF:screens\LanguageSelect.js
FN:12,LanguageSelect
FN:20,(anonymous_1)
FN:40,(anonymous_2)
FN:45,(anonymous_3)
FN:51,(anonymous_4)
FNF:5
FNH:3
FNDA:2,LanguageSelect
FNDA:0,(anonymous_1)
FNDA:14,(anonymous_2)
FNDA:1,(anonymous_3)
FNDA:0,(anonymous_4)
DA:10,1
DA:13,2
DA:14,2
DA:15,2
DA:17,2
DA:20,0
DA:41,14
DA:45,1
DA:51,0
DA:59,1
LF:10
LH:8
BRF:0
BRH:0
end_of_record
TN:
SF:screens\OfficialUpdates.js
FN:7,OfficialUpdates
FN:11,(anonymous_1)
FN:12,(anonymous_2)
FN:39,(anonymous_3)
FN:40,(anonymous_4)
FN:71,(anonymous_5)
FNF:6
FNH:5
FNDA:1,OfficialUpdates
FNDA:1,(anonymous_1)
FNDA:1,(anonymous_2)
FNDA:1,(anonymous_3)
FNDA:1,(anonymous_4)
FNDA:0,(anonymous_5)
DA:8,1
DA:11,1
DA:12,1
DA:13,1
DA:14,1
DA:15,1
DA:16,1
DA:17,1
DA:18,1
DA:20,1
DA:21,1
DA:22,1
DA:23,1
DA:24,1
DA:25,1
DA:29,1
DA:30,0
DA:32,1
DA:39,1
DA:40,1
DA:41,1
DA:42,1
DA:43,1
DA:44,1
DA:45,1
DA:46,1
DA:48,1
DA:49,1
DA:50,1
DA:51,1
DA:52,1
DA:53,1
DA:57,1
DA:58,0
DA:60,1
DA:67,1
DA:71,0
DA:84,1
LF:38
LH:35
BRDA:13,0,0,0
BRDA:13,0,1,1
BRDA:15,1,0,1
BRDA:15,1,1,0
BRDA:15,2,0,1
BRDA:15,2,1,1
BRDA:20,3,0,1
BRDA:20,3,1,0
BRDA:29,4,0,0
BRDA:29,4,1,1
BRDA:41,5,0,0
BRDA:41,5,1,1
BRDA:43,6,0,1
BRDA:43,6,1,0
BRDA:43,7,0,1
BRDA:43,7,1,1
BRDA:48,8,0,1
BRDA:48,8,1,0
BRDA:57,9,0,0
BRDA:57,9,1,1
BRF:20
BRH:12
end_of_record
TN:
SF:screens\PreparationScreen.js
FN:7,PreparationScreen
FN:22,(anonymous_1)
FN:27,(anonymous_2)
FN:31,(anonymous_3)
FNF:4
FNH:2
FNDA:1,PreparationScreen
FNDA:0,(anonymous_1)
FNDA:5,(anonymous_2)
FNDA:0,(anonymous_3)
DA:8,1
DA:10,1
DA:18,1
DA:22,0
DA:28,5
DA:44,1
LF:6
LH:5
BRF:0
BRH:0
end_of_record
TN:
SF:screens\ShelterMapScreen.js
FN:8,ShelterMapScreen
FN:16,(anonymous_1)
FN:18,(anonymous_2)
FN:20,(anonymous_3)
FN:24,(anonymous_4)
FN:31,(anonymous_5)
FN:35,(anonymous_6)
FN:109,(anonymous_7)
FN:110,(anonymous_8)
FNF:9
FNH:7
FNDA:4,ShelterMapScreen
FNDA:2,(anonymous_1)
FNDA:2,(anonymous_2)
FNDA:2,(anonymous_3)
FNDA:0,(anonymous_4)
FNDA:1,(anonymous_5)
FNDA:3,(anonymous_6)
FNDA:0,(anonymous_7)
FNDA:1,(anonymous_8)
DA:9,4
DA:11,3
DA:12,3
DA:14,3
DA:16,3
DA:17,2
DA:18,2
DA:19,2
DA:21,2
DA:22,2
DA:24,0
DA:31,3
DA:32,1
DA:35,3
DA:36,3
DA:37,3
DA:86,3
DA:88,3
DA:109,0
DA:111,1
DA:112,1
DA:113,1
DA:115,1
DA:128,1
LF:24
LH:22
BRDA:14,0,0,3
BRDA:14,0,1,3
BRDA:14,0,2,3
BRDA:14,0,3,3
BRDA:14,0,4,3
BRDA:17,1,0,2
BRDA:17,1,1,0
BRDA:17,2,0,2
BRDA:17,2,1,2
BRDA:17,2,2,2
BRDA:91,3,0,3
BRDA:91,3,1,0
BRDA:110,4,0,1
BRDA:110,4,1,2
BRF:14
BRH:12
end_of_record
TN:
SF:screens\WelcomeScreen.js
FN:7,WelcomeScreen
FN:18,(anonymous_1)
FN:35,(anonymous_2)
FN:62,(anonymous_3)
FNF:4
FNH:1
FNDA:2,WelcomeScreen
FNDA:0,(anonymous_1)
FNDA:0,(anonymous_2)
FNDA:0,(anonymous_3)
DA:8,2
DA:9,2
DA:10,2
DA:11,2
DA:18,0
DA:35,0
DA:63,0
DA:64,0
DA:65,0
DA:76,1
LF:10
LH:5
BRF:0
BRH:0
end_of_record
